[26-Mar-2019 06:46:34 UTC] PHP Warning:  include(dbConnection.php): failed to open stream: No such file or directory in /home/ubuntu/workspace/sp19cst336s2/Labs/Lab6/api/getCategories.php on line 2
[26-Mar-2019 06:46:34 UTC] PHP Stack trace:
[26-Mar-2019 06:46:34 UTC] PHP   1. {main}() /home/ubuntu/workspace/sp19cst336s2/Labs/Lab6/api/getCategories.php:0
[26-Mar-2019 06:46:34 UTC] PHP Warning:  include(): Failed opening 'dbConnection.php' for inclusion (include_path='.:/usr/share/php:/usr/share/pear') in /home/ubuntu/workspace/sp19cst336s2/Labs/Lab6/api/getCategories.php on line 2
[26-Mar-2019 06:46:34 UTC] PHP Stack trace:
[26-Mar-2019 06:46:34 UTC] PHP   1. {main}() /home/ubuntu/workspace/sp19cst336s2/Labs/Lab6/api/getCategories.php:0
[26-Mar-2019 06:46:34 UTC] PHP Fatal error:  Call to undefined function getDatabaseConnection() in /home/ubuntu/workspace/sp19cst336s2/Labs/Lab6/api/getCategories.php on line 4
[26-Mar-2019 06:46:34 UTC] PHP Stack trace:
[26-Mar-2019 06:46:34 UTC] PHP   1. {main}() /home/ubuntu/workspace/sp19cst336s2/Labs/Lab6/api/getCategories.php:0
[26-Mar-2019 06:47:10 UTC] PHP Fatal error:  Maximum function nesting level of '256' reached, aborting! in /home/ubuntu/workspace/sp19cst336s2/Labs/Lab6/api/getCategories.php on line 2
[26-Mar-2019 06:47:10 UTC] PHP Stack trace:
[26-Mar-2019 06:47:10 UTC] PHP   1. {main}() /home/ubuntu/workspace/sp19cst336s2/Labs/Lab6/api/getCategories.php:0
[26-Mar-2019 06:47:10 UTC] PHP   2. include() /home/ubuntu/workspace/sp19cst336s2/Labs/Lab6/api/getCategories.php:2
[26-Mar-2019 06:47:10 UTC] PHP   3. include() /home/ubuntu/workspace/sp19cst336s2/Labs/Lab6/api/getCategories.php:2
[26-Mar-2019 06:47:10 UTC] PHP   4. include() /home/ubuntu/workspace/sp19cst336s2/Labs/Lab6/api/getCategories.php:2
[26-Mar-2019 06:47:10 UTC] PHP   5. include() /home/ubuntu/workspace/sp19cst336s2/Labs/Lab6/api/getCategories.php:2
[26-Mar-2019 06:47:10 UTC] PHP   6. include() /home/ubuntu/workspace/sp19cst336s2/Labs/Lab6/api/getCategories.php:2
[26-Mar-2019 06:47:10 UTC] PHP   7. include() /home/ubuntu/workspace/sp19cst336s2/Labs/Lab6/api/getCategories.php:2
[26-Mar-2019 06:47:10 UTC] PHP   8. include() /home/ubuntu/workspace/sp19cst336s2/Labs/Lab6/api/getCategories.php:2
[26-Mar-2019 06:47:10 UTC] PHP   9. include() /home/ubuntu/workspace/sp19cst336s2/Labs/Lab6/api/getCategories.php:2
[26-Mar-2019 06:47:10 UTC] PHP  10. include() /home/ubuntu/workspace/sp19cst336s2/Labs/Lab6/api/getCategories.php:2
[26-Mar-2019 06:47:10 UTC] PHP  11. include() /home/ubuntu/workspace/sp19cst336s2/Labs/Lab6/api/getCategories.php:2
[26-Mar-2019 06:47:10 UTC] PHP  12. include() /home/ubuntu/workspace/sp19cst336s2/Labs/Lab6/api/getCategories.php:2
[26-Mar-2019 06:47:10 UTC] PHP  13. include() /home/ubuntu/workspace/sp19cst336s2/Labs/Lab6/api/getCategories.php:2
[26-Mar-2019 06:47:10 UTC] PHP  14. include() /home/ubuntu/workspace/sp19cst336s2/Labs/Lab6/api/getCategories.php:2
[26-Mar-2019 06:47:10 UTC] PHP  15. include() /home/ubuntu/workspace/sp19cst336s2/Labs/Lab6/api/getCategories.php:2
[26-Mar-2019 06:47:10 UTC] PHP  16. include() /home/ubuntu/workspace/sp19cst336s2/Labs/Lab6/api/getCategories.php:2
[26-Mar-2019 06:47:10 UTC] PHP  17. include() /home/ubuntu/workspace/sp19cst336s2/Labs/Lab6/api/getCategories.php:2
[26-Mar-2019 06:47:10 UTC] PHP  18. include() /home/ubuntu/workspace/sp19cst336s2/Labs/Lab6/api/getCategories.php:2
[26-Mar-2019 06:47:10 UTC] PHP  19. include() /home/ubuntu/workspace/sp19cst336s2/Labs/Lab6/api/getCategories.php:2
[26-Mar-2019 06:47:10 UTC] PHP  20. include() /home/ubuntu/workspace/sp19cst336s2/Labs/Lab6/api/getCategories.php:2
[26-Mar-2019 06:47:10 UTC] PHP  21. include() /home/ubuntu/workspace/sp19cst336s2/Labs/Lab6/api/getCategories.php:2
[26-Mar-2019 06:47:10 UTC] PHP  22. include() /home/ubuntu/workspace/sp19cst336s2/Labs/Lab6/api/getCategories.php:2
[26-Mar-2019 06:47:10 UTC] PHP  23. include() /home/ubuntu/workspace/sp19cst336s2/Labs/Lab6/api/getCategories.php:2
[26-Mar-2019 06:47:10 UTC] PHP  24. include() /home/ubuntu/workspace/sp19cst336s2/Labs/Lab6/api/getCategories.php:2
[26-Mar-2019 06:47:10 UTC] PHP  25. include() /home/ubuntu/workspace/sp19cst336s2/Labs/Lab6/api/getCategories.php:2
[26-Mar-2019 06:47:10 UTC] PHP  26. include() /home/ubuntu/workspace/sp19cst336s2/Labs/Lab6/api/getCategories.php:2
[26-Mar-2019 06:47:10 UTC] PHP  27. include() /home/ubuntu/workspace/sp19cst336s2/Labs/Lab6/api/getCategories.php:2
[26-Mar-2019 06:47:10 UTC] PHP  28. include() /home/ubuntu/workspace/sp19cst336s2/Labs/Lab6/api/getCategories.php:2
[26-Mar-2019 06:47:10 UTC] PHP  29. include() /home/ubuntu/workspace/sp19cst336s2/Labs/Lab6/api/getCategories.php:2
[26-Mar-2019 06:47:10 UTC] PHP  30. include() /home/ubuntu/workspace/sp19cst336s2/Labs/Lab6/api/getCategories.php:2
[26-Mar-2019 06:47:10 UTC] PHP  31. include() /home/ubuntu/workspace/sp19cst336s2/Labs/Lab6/api/getCategories.php:2
[26-Mar-2019 06:47:10 UTC] PHP  32. include() /home/ubuntu/workspace/sp19cst336s2/Labs/Lab6/api/getCategories.php:2
[26-Mar-2019 06:47:10 UTC] PHP  33. include() /home/ubuntu/workspace/sp19cst336s2/Labs/Lab6/api/getCategories.php:2
[26-Mar-2019 06:47:10 UTC] PHP  34. include() /home/ubuntu/workspace/sp19cst336s2/Labs/Lab6/api/getCategories.php:2
[26-Mar-2019 06:47:10 UTC] PHP  35. include() /home/ubuntu/workspace/sp19cst336s2/Labs/Lab6/api/getCategories.php:2
[26-Mar-2019 06:47:10 UTC] PHP  36. include() /home/ubuntu/workspace/sp19cst336s2/Labs/Lab6/api/getCategories.php:2
[26-Mar-2019 06:47:10 UTC] PHP  37. include() /home/ubuntu/workspace/sp19cst336s2/Labs/Lab6/api/getCategories.php:2
[26-Mar-2019 06:47:10 UTC] PHP  38. include() /home/ubuntu/workspace/sp19cst336s2/Labs/Lab6/api/getCategories.php:2
[26-Mar-2019 06:47:10 UTC] PHP  39. include() /home/ubuntu/workspace/sp19cst336s2/Labs/Lab6/api/getCategories.php:2
[26-Mar-2019 06:47:10 UTC] PHP  40. include() /home/ubuntu/workspace/sp19cst336s2/Labs/Lab6/api/getCategories.php:2
[26-Mar-2019 06:47:10 UTC] PHP  41. include() /home/ubuntu/workspace/sp19cst336s2/Labs/Lab6/api/getCategories.php:2
[26-Mar-2019 06:47:10 UTC] PHP  42. include() /home/ubuntu/workspace/sp19cst336s2/Labs/Lab6/api/getCategories.php:2
[26-Mar-2019 06:47:10 UTC] PHP  43. include() /home/ubuntu/workspace/sp19cst336s2/Labs/Lab6/api/getCategories.php:2
[26-Mar-2019 06:47:10 UTC] PHP  44. include() /home/ubuntu/workspace/sp19cst336s2/Labs/Lab6/api/getCategories.php:2
[26-Mar-2019 06:47:10 UTC] PHP  45. include() /home/ubuntu/workspace/sp19cst336s2/Labs/Lab6/api/getCategories.php:2
[26-Mar-2019 06:47:10 UTC] PHP  46. include() /home/ubuntu/workspace/sp19cst336s2/Labs/Lab6/api/getCategories.php:2
[26-Mar-2019 06:47:10 UTC] PHP  47. include() /home/ubuntu/workspace/sp19cst336s2/Labs/Lab6/api/getCategories.php:2
[26-Mar-2019 06:47:10 UTC] PHP  48. include() /home/ubuntu/workspace/sp19cst336s2/Labs/Lab6/api/getCategories.php:2
[26-Mar-2019 06:47:10 UTC] PHP  49. include() /home/ubuntu/workspace/sp19cst336s2/Labs/Lab6/api/getCategories.php:2
[26-Mar-2019 06:47:10 UTC] PHP  50. include() /home/ubuntu/workspace/sp19cst336s2/Labs/Lab6/api/getCategories.php:2
[26-Mar-2019 06:47:10 UTC] PHP  51. include() /home/ubuntu/workspace/sp19cst336s2/Labs/Lab6/api/getCategories.php:2
[26-Mar-2019 06:47:10 UTC] PHP  52. include() /home/ubuntu/workspace/sp19cst336s2/Labs/Lab6/api/getCategories.php:2
[26-Mar-2019 06:47:10 UTC] PHP  53. include() /home/ubuntu/workspace/sp19cst336s2/Labs/Lab6/api/getCategories.php:2
[26-Mar-2019 06:47:10 UTC] PHP  54. include() /home/ubuntu/workspace/sp19cst336s2/Labs/Lab6/api/getCategories.php:2
[26-Mar-2019 06:47:10 UTC] PHP  55. include() /home/ubuntu/workspace/sp19cst336s2/Labs/Lab6/api/getCategories.php:2
[26-Mar-2019 06:47:10 UTC] PHP  56. include() /home/ubuntu/workspace/sp19cst336s2/Labs/Lab6/api/getCategories.php:2
[26-Mar-2019 06:47:10 UTC] PHP  57. include() /home/ubuntu/workspace/sp19cst336s2/Labs/Lab6/api/getCategories.php:2
[26-Mar-2019 06:47:10 UTC] PHP  58. include() /home/ubuntu/workspace/sp19cst336s2/Labs/Lab6/api/getCategories.php:2
[26-Mar-2019 06:47:10 UTC] PHP  59. include() /home/ubuntu/workspace/sp19cst336s2/Labs/Lab6/api/getCategories.php:2
[26-Mar-2019 06:47:10 UTC] PHP  60. include() /home/ubuntu/workspace/sp19cst336s2/Labs/Lab6/api/getCategories.php:2
[26-Mar-2019 06:47:10 UTC] PHP  61. include() /home/ubuntu/workspace/sp19cst336s2/Labs/Lab6/api/getCategories.php:2
[26-Mar-2019 06:47:10 UTC] PHP  62. include() /home/ubuntu/workspace/sp19cst336s2/Labs/Lab6/api/getCategories.php:2
[26-Mar-2019 06:47:10 UTC] PHP  63. include() /home/ubuntu/workspace/sp19cst336s2/Labs/Lab6/api/getCategories.php:2
[26-Mar-2019 06:47:10 UTC] PHP  64. include() /home/ubuntu/workspace/sp19cst336s2/Labs/Lab6/api/getCategories.php:2
[26-Mar-2019 06:47:10 UTC] PHP  65. include() /home/ubuntu/workspace/sp19cst336s2/Labs/Lab6/api/getCategories.php:2
[26-Mar-2019 06:47:10 UTC] PHP  66. include() /home/ubuntu/workspace/sp19cst336s2/Labs/Lab6/api/getCategories.php:2
[26-Mar-2019 06:47:10 UTC] PHP  67. include() /home/ubuntu/workspace/sp19cst336s2/Labs/Lab6/api/getCategories.php:2
[26-Mar-2019 06:47:10 UTC] PHP  68. include() /home/ubuntu/workspace/sp19cst336s2/Labs/Lab6/api/getCategories.php:2
[26-Mar-2019 06:47:10 UTC] PHP  69. include() /home/ubuntu/workspace/sp19cst336s2/Labs/Lab6/api/getCategories.php:2
[26-Mar-2019 06:47:10 UTC] PHP  70. include() /home/ubuntu/workspace/sp19cst336s2/Labs/Lab6/api/getCategories.php:2
[26-Mar-2019 06:47:10 UTC] PHP  71. include() /home/ubuntu/workspace/sp19cst336s2/Labs/Lab6/api/getCategories.php:2
[26-Mar-2019 06:47:10 UTC] PHP  72. include() /home/ubuntu/workspace/sp19cst336s2/Labs/Lab6/api/getCategories.php:2
[26-Mar-2019 06:47:10 UTC] PHP  73. include() /home/ubuntu/workspace/sp19cst336s2/Labs/Lab6/api/getCategories.php:2
[26-Mar-2019 06:47:10 UTC] PHP  74. include() /home/ubuntu/workspace/sp19cst336s2/Labs/Lab6/api/getCategories.php:2
[26-Mar-2019 06:47:10 UTC] PHP  75. include() /home/ubuntu/workspace/sp19cst336s2/Labs/Lab6/api/getCategories.php:2
[26-Mar-2019 06:47:10 UTC] PHP  76. include() /home/ubuntu/workspace/sp19cst336s2/Labs/Lab6/api/getCategories.php:2
[26-Mar-2019 06:47:10 UTC] PHP  77. include() /home/ubuntu/workspace/sp19cst336s2/Labs/Lab6/api/getCategories.php:2
[26-Mar-2019 06:47:10 UTC] PHP  78. include() /home/ubuntu/workspace/sp19cst336s2/Labs/Lab6/api/getCategories.php:2
[26-Mar-2019 06:47:10 UTC] PHP  79. include() /home/ubuntu/workspace/sp19cst336s2/Labs/Lab6/api/getCategories.php:2
[26-Mar-2019 06:47:10 UTC] PHP  80. include() /home/ubuntu/workspace/sp19cst336s2/Labs/Lab6/api/getCategories.php:2
[26-Mar-2019 06:47:10 UTC] PHP  81. include() /home/ubuntu/workspace/sp19cst336s2/Labs/Lab6/api/getCategories.php:2
[26-Mar-2019 06:47:10 UTC] PHP  82. include() /home/ubuntu/workspace/sp19cst336s2/Labs/Lab6/api/getCategories.php:2
[26-Mar-2019 06:47:10 UTC] PHP  83. include() /home/ubuntu/workspace/sp19cst336s2/Labs/Lab6/api/getCategories.php:2
[26-Mar-2019 06:47:10 UTC] PHP  84. include() /home/ubuntu/workspace/sp19cst336s2/Labs/Lab6/api/getCategories.php:2
[26-Mar-2019 06:47:10 UTC] PHP  85. include() /home/ubuntu/workspace/sp19cst336s2/Labs/Lab6/api/getCategories.php:2
[26-Mar-2019 06:47:10 UTC] PHP  86. include() /home/ubuntu/workspace/sp19cst336s2/Labs/Lab6/api/getCategories.php:2
[26-Mar-2019 06:47:10 UTC] PHP  87. include() /home/ubuntu/workspace/sp19cst336s2/Labs/Lab6/api/getCategories.php:2
[26-Mar-2019 06:47:10 UTC] PHP  88. include() /home/ubuntu/workspace/sp19cst336s2/Labs/Lab6/api/getCategories.php:2
[26-Mar-2019 06:47:10 UTC] PHP  89. include() /home/ubuntu/workspace/sp19cst336s2/Labs/Lab6/api/getCategories.php:2
[26-Mar-2019 06:47:10 UTC] PHP  90. include() /home/ubuntu/workspace/sp19cst336s2/Labs/Lab6/api/getCategories.php:2
[26-Mar-2019 06:47:10 UTC] PHP  91. include() /home/ubuntu/workspace/sp19cst336s2/Labs/Lab6/api/getCategories.php:2
[26-Mar-2019 06:47:10 UTC] PHP  92. include() /home/ubuntu/workspace/sp19cst336s2/Labs/Lab6/api/getCategories.php:2
[26-Mar-2019 06:47:10 UTC] PHP  93. include() /home/ubuntu/workspace/sp19cst336s2/Labs/Lab6/api/getCategories.php:2
[26-Mar-2019 06:47:10 UTC] PHP  94. include() /home/ubuntu/workspace/sp19cst336s2/Labs/Lab6/api/getCategories.php:2
[26-Mar-2019 06:47:10 UTC] PHP  95. include() /home/ubuntu/workspace/sp19cst336s2/Labs/Lab6/api/getCategories.php:2
[26-Mar-2019 06:47:10 UTC] PHP  96. include() /home/ubuntu/workspace/sp19cst336s2/Labs/Lab6/api/getCategories.php:2
[26-Mar-2019 06:47:10 UTC] PHP  97. include() /home/ubuntu/workspace/sp19cst336s2/Labs/Lab6/api/getCategories.php:2
[26-Mar-2019 06:47:10 UTC] PHP  98. include() /home/ubuntu/workspace/sp19cst336s2/Labs/Lab6/api/getCategories.php:2
[26-Mar-2019 06:47:10 UTC] PHP  99. include() /home/ubuntu/workspace/sp19cst336s2/Labs/Lab6/api/getCategories.php:2
[26-Mar-2019 06:47:10 UTC] PHP 100. include() /home/ubuntu/workspace/sp19cst336s2/Labs/Lab6/api/getCategories.php:2
[26-Mar-2019 06:47:10 UTC] PHP 101. include() /home/ubuntu/workspace/sp19cst336s2/Labs/Lab6/api/getCategories.php:2
[26-Mar-2019 06:47:10 UTC] PHP 102. include() /home/ubuntu/workspace/sp19cst336s2/Labs/Lab6/api/getCategories.php:2
[26-Mar-2019 06:47:10 UTC] PHP 103. include() /home/ubuntu/workspace/sp19cst336s2/Labs/Lab6/api/getCategories.php:2
[26-Mar-2019 06:47:10 UTC] PHP 104. include() /home/ubuntu/workspace/sp19cst336s2/Labs/Lab6/api/getCategories.php:2
[26-Mar-2019 06:47:10 UTC] PHP 105. include() /home/ubuntu/workspace/sp19cst336s2/Labs/Lab6/api/getCategories.php:2
[26-Mar-2019 06:47:10 UTC] PHP 106. include() /home/ubuntu/workspace/sp19cst336s2/Labs/Lab6/api/getCategories.php:2
[26-Mar-2019 06:47:10 UTC] PHP 107. include() /home/ubuntu/workspace/sp19cst336s2/Labs/Lab6/api/getCategories.php:2
[26-Mar-2019 06:47:10 UTC] PHP 108. include() /home/ubuntu/workspace/sp19cst336s2/Labs/Lab6/api/getCategories.php:2
[26-Mar-2019 06:47:10 UTC] PHP 109. include() /home/ubuntu/workspace/sp19cst336s2/Labs/Lab6/api/getCategories.php:2
[26-Mar-2019 06:47:10 UTC] PHP 110. include() /home/ubuntu/workspace/sp19cst336s2/Labs/Lab6/api/getCategories.php:2
[26-Mar-2019 06:47:10 UTC] PHP 111. include() /home/ubuntu/workspace/sp19cst336s2/Labs/Lab6/api/getCategories.php:2
[26-Mar-2019 06:47:10 UTC] PHP 112. include() /home/ubuntu/workspace/sp19cst336s2/Labs/Lab6/api/getCategories.php:2
[26-Mar-2019 06:47:10 UTC] PHP 113. include() /home/ubuntu/workspace/sp19cst336s2/Labs/Lab6/api/getCategories.php:2
[26-Mar-2019 06:47:10 UTC] PHP 114. include() /home/ubuntu/workspace/sp19cst336s2/Labs/Lab6/api/getCategories.php:2
[26-Mar-2019 06:47:10 UTC] PHP 115. include() /home/ubuntu/workspace/sp19cst336s2/Labs/Lab6/api/getCategories.php:2
[26-Mar-2019 06:47:10 UTC] PHP 116. include() /home/ubuntu/workspace/sp19cst336s2/Labs/Lab6/api/getCategories.php:2
[26-Mar-2019 06:47:10 UTC] PHP 117. include() /home/ubuntu/workspace/sp19cst336s2/Labs/Lab6/api/getCategories.php:2
[26-Mar-2019 06:47:10 UTC] PHP 118. include() /home/ubuntu/workspace/sp19cst336s2/Labs/Lab6/api/getCategories.php:2
[26-Mar-2019 06:47:10 UTC] PHP 119. include() /home/ubuntu/workspace/sp19cst336s2/Labs/Lab6/api/getCategories.php:2
[26-Mar-2019 06:47:10 UTC] PHP 120. include() /home/ubuntu/workspace/sp19cst336s2/Labs/Lab6/api/getCategories.php:2
[26-Mar-2019 06:47:10 UTC] PHP 121. include() /home/ubuntu/workspace/sp19cst336s2/Labs/Lab6/api/getCategories.php:2
[26-Mar-2019 06:47:10 UTC] PHP 122. include() /home/ubuntu/workspace/sp19cst336s2/Labs/Lab6/api/getCategories.php:2
[26-Mar-2019 06:47:10 UTC] PHP 123. include() /home/ubuntu/workspace/sp19cst336s2/Labs/Lab6/api/getCategories.php:2
[26-Mar-2019 06:47:10 UTC] PHP 124. include() /home/ubuntu/workspace/sp19cst336s2/Labs/Lab6/api/getCategories.php:2
[26-Mar-2019 06:47:10 UTC] PHP 125. include() /home/ubuntu/workspace/sp19cst336s2/Labs/Lab6/api/getCategories.php:2
[26-Mar-2019 06:47:10 UTC] PHP 126. include() /home/ubuntu/workspace/sp19cst336s2/Labs/Lab6/api/getCategories.php:2
[26-Mar-2019 06:47:10 UTC] PHP 127. include() /home/ubuntu/workspace/sp19cst336s2/Labs/Lab6/api/getCategories.php:2
[26-Mar-2019 06:47:10 UTC] PHP 128. include() /home/ubuntu/workspace/sp19cst336s2/Labs/Lab6/api/getCategories.php:2
[26-Mar-2019 06:47:10 UTC] PHP 129. include() /home/ubuntu/workspace/sp19cst336s2/Labs/Lab6/api/getCategories.php:2
[26-Mar-2019 06:47:10 UTC] PHP 130. include() /home/ubuntu/workspace/sp19cst336s2/Labs/Lab6/api/getCategories.php:2
[26-Mar-2019 06:47:10 UTC] PHP 131. include() /home/ubuntu/workspace/sp19cst336s2/Labs/Lab6/api/getCategories.php:2
[26-Mar-2019 06:47:10 UTC] PHP 132. include() /home/ubuntu/workspace/sp19cst336s2/Labs/Lab6/api/getCategories.php:2
[26-Mar-2019 06:47:10 UTC] PHP 133. include() /home/ubuntu/workspace/sp19cst336s2/Labs/Lab6/api/getCategories.php:2
[26-Mar-2019 06:47:10 UTC] PHP 134. include() /home/ubuntu/workspace/sp19cst336s2/Labs/Lab6/api/getCategories.php:2
[26-Mar-2019 06:47:10 UTC] PHP 135. include() /home/ubuntu/workspace/sp19cst336s2/Labs/Lab6/api/getCategories.php:2
[26-Mar-2019 06:47:10 UTC] PHP 136. include() /home/ubuntu/workspace/sp19cst336s2/Labs/Lab6/api/getCategories.php:2
[26-Mar-2019 06:47:10 UTC] PHP 137. include() /home/ubuntu/workspace/sp19cst336s2/Labs/Lab6/api/getCategories.php:2
[26-Mar-2019 06:47:10 UTC] PHP 138. include() /home/ubuntu/workspace/sp19cst336s2/Labs/Lab6/api/getCategories.php:2
[26-Mar-2019 06:47:10 UTC] PHP 139. include() /home/ubuntu/workspace/sp19cst336s2/Labs/Lab6/api/getCategories.php:2
[26-Mar-2019 06:47:10 UTC] PHP 140. include() /home/ubuntu/workspace/sp19cst336s2/Labs/Lab6/api/getCategories.php:2
[26-Mar-2019 06:47:10 UTC] PHP 141. include() /home/ubuntu/workspace/sp19cst336s2/Labs/Lab6/api/getCategories.php:2
[26-Mar-2019 06:47:10 UTC] PHP 142. include() /home/ubuntu/workspace/sp19cst336s2/Labs/Lab6/api/getCategories.php:2
[26-Mar-2019 06:47:10 UTC] PHP 143. include() /home/ubuntu/workspace/sp19cst336s2/Labs/Lab6/api/getCategories.php:2
[26-Mar-2019 06:47:10 UTC] PHP 144. include() /home/ubuntu/workspace/sp19cst336s2/Labs/Lab6/api/getCategories.php:2
[26-Mar-2019 06:47:10 UTC] PHP 145. include() /home/ubuntu/workspace/sp19cst336s2/Labs/Lab6/api/getCategories.php:2
[26-Mar-2019 06:47:10 UTC] PHP 146. include() /home/ubuntu/workspace/sp19cst336s2/Labs/Lab6/api/getCategories.php:2
[26-Mar-2019 06:47:10 UTC] PHP 147. include() /home/ubuntu/workspace/sp19cst336s2/Labs/Lab6/api/getCategories.php:2
[26-Mar-2019 06:47:10 UTC] PHP 148. include() /home/ubuntu/workspace/sp19cst336s2/Labs/Lab6/api/getCategories.php:2
[26-Mar-2019 06:47:10 UTC] PHP 149. include() /home/ubuntu/workspace/sp19cst336s2/Labs/Lab6/api/getCategories.php:2
[26-Mar-2019 06:47:10 UTC] PHP 150. include() /home/ubuntu/workspace/sp19cst336s2/Labs/Lab6/api/getCategories.php:2
[26-Mar-2019 06:47:10 UTC] PHP 151. include() /home/ubuntu/workspace/sp19cst336s2/Labs/Lab6/api/getCategories.php:2
[26-Mar-2019 06:47:10 UTC] PHP 152. include() /home/ubuntu/workspace/sp19cst336s2/Labs/Lab6/api/getCategories.php:2
[26-Mar-2019 06:47:10 UTC] PHP 153. include() /home/ubuntu/workspace/sp19cst336s2/Labs/Lab6/api/getCategories.php:2
[26-Mar-2019 06:47:10 UTC] PHP 154. include() /home/ubuntu/workspace/sp19cst336s2/Labs/Lab6/api/getCategories.php:2
[26-Mar-2019 06:47:10 UTC] PHP 155. include() /home/ubuntu/workspace/sp19cst336s2/Labs/Lab6/api/getCategories.php:2
[26-Mar-2019 06:47:10 UTC] PHP 156. include() /home/ubuntu/workspace/sp19cst336s2/Labs/Lab6/api/getCategories.php:2
[26-Mar-2019 06:47:10 UTC] PHP 157. include() /home/ubuntu/workspace/sp19cst336s2/Labs/Lab6/api/getCategories.php:2
[26-Mar-2019 06:47:10 UTC] PHP 158. include() /home/ubuntu/workspace/sp19cst336s2/Labs/Lab6/api/getCategories.php:2
[26-Mar-2019 06:47:10 UTC] PHP 159. include() /home/ubuntu/workspace/sp19cst336s2/Labs/Lab6/api/getCategories.php:2
[26-Mar-2019 06:47:10 UTC] PHP 160. include() /home/ubuntu/workspace/sp19cst336s2/Labs/Lab6/api/getCategories.php:2
[26-Mar-2019 06:47:10 UTC] PHP 161. include() /home/ubuntu/workspace/sp19cst336s2/Labs/Lab6/api/getCategories.php:2
[26-Mar-2019 06:47:10 UTC] PHP 162. include() /home/ubuntu/workspace/sp19cst336s2/Labs/Lab6/api/getCategories.php:2
[26-Mar-2019 06:47:10 UTC] PHP 163. include() /home/ubuntu/workspace/sp19cst336s2/Labs/Lab6/api/getCategories.php:2
[26-Mar-2019 06:47:10 UTC] PHP 164. include() /home/ubuntu/workspace/sp19cst336s2/Labs/Lab6/api/getCategories.php:2
[26-Mar-2019 06:47:10 UTC] PHP 165. include() /home/ubuntu/workspace/sp19cst336s2/Labs/Lab6/api/getCategories.php:2
[26-Mar-2019 06:47:10 UTC] PHP 166. include() /home/ubuntu/workspace/sp19cst336s2/Labs/Lab6/api/getCategories.php:2
[26-Mar-2019 06:47:10 UTC] PHP 167. include() /home/ubuntu/workspace/sp19cst336s2/Labs/Lab6/api/getCategories.php:2
[26-Mar-2019 06:47:10 UTC] PHP 168. include() /home/ubuntu/workspace/sp19cst336s2/Labs/Lab6/api/getCategories.php:2
[26-Mar-2019 06:47:10 UTC] PHP 169. include() /home/ubuntu/workspace/sp19cst336s2/Labs/Lab6/api/getCategories.php:2
[26-Mar-2019 06:47:10 UTC] PHP 170. include() /home/ubuntu/workspace/sp19cst336s2/Labs/Lab6/api/getCategories.php:2
[26-Mar-2019 06:47:10 UTC] PHP 171. include() /home/ubuntu/workspace/sp19cst336s2/Labs/Lab6/api/getCategories.php:2
[26-Mar-2019 06:47:10 UTC] PHP 172. include() /home/ubuntu/workspace/sp19cst336s2/Labs/Lab6/api/getCategories.php:2
[26-Mar-2019 06:47:10 UTC] PHP 173. include() /home/ubuntu/workspace/sp19cst336s2/Labs/Lab6/api/getCategories.php:2
[26-Mar-2019 06:47:10 UTC] PHP 174. include() /home/ubuntu/workspace/sp19cst336s2/Labs/Lab6/api/getCategories.php:2
[26-Mar-2019 06:47:10 UTC] PHP 175. include() /home/ubuntu/workspace/sp19cst336s2/Labs/Lab6/api/getCategories.php:2
[26-Mar-2019 06:47:10 UTC] PHP 176. include() /home/ubuntu/workspace/sp19cst336s2/Labs/Lab6/api/getCategories.php:2
[26-Mar-2019 06:47:10 UTC] PHP 177. include() /home/ubuntu/workspace/sp19cst336s2/Labs/Lab6/api/getCategories.php:2
[26-Mar-2019 06:47:10 UTC] PHP 178. include() /home/ubuntu/workspace/sp19cst336s2/Labs/Lab6/api/getCategories.php:2
[26-Mar-2019 06:47:10 UTC] PHP 179. include() /home/ubuntu/workspace/sp19cst336s2/Labs/Lab6/api/getCategories.php:2
[26-Mar-2019 06:47:10 UTC] PHP 180. include() /home/ubuntu/workspace/sp19cst336s2/Labs/Lab6/api/getCategories.php:2
[26-Mar-2019 06:47:10 UTC] PHP 181. include() /home/ubuntu/workspace/sp19cst336s2/Labs/Lab6/api/getCategories.php:2
[26-Mar-2019 06:47:10 UTC] PHP 182. include() /home/ubuntu/workspace/sp19cst336s2/Labs/Lab6/api/getCategories.php:2
[26-Mar-2019 06:47:10 UTC] PHP 183. include() /home/ubuntu/workspace/sp19cst336s2/Labs/Lab6/api/getCategories.php:2
[26-Mar-2019 06:47:10 UTC] PHP 184. include() /home/ubuntu/workspace/sp19cst336s2/Labs/Lab6/api/getCategories.php:2
[26-Mar-2019 06:47:10 UTC] PHP 185. include() /home/ubuntu/workspace/sp19cst336s2/Labs/Lab6/api/getCategories.php:2
[26-Mar-2019 06:47:10 UTC] PHP 186. include() /home/ubuntu/workspace/sp19cst336s2/Labs/Lab6/api/getCategories.php:2
[26-Mar-2019 06:47:10 UTC] PHP 187. include() /home/ubuntu/workspace/sp19cst336s2/Labs/Lab6/api/getCategories.php:2
[26-Mar-2019 06:47:10 UTC] PHP 188. include() /home/ubuntu/workspace/sp19cst336s2/Labs/Lab6/api/getCategories.php:2
[26-Mar-2019 06:47:10 UTC] PHP 189. include() /home/ubuntu/workspace/sp19cst336s2/Labs/Lab6/api/getCategories.php:2
[26-Mar-2019 06:47:10 UTC] PHP 190. include() /home/ubuntu/workspace/sp19cst336s2/Labs/Lab6/api/getCategories.php:2
[26-Mar-2019 06:47:10 UTC] PHP 191. include() /home/ubuntu/workspace/sp19cst336s2/Labs/Lab6/api/getCategories.php:2
[26-Mar-2019 06:47:10 UTC] PHP 192. include() /home/ubuntu/workspace/sp19cst336s2/Labs/Lab6/api/getCategories.php:2
[26-Mar-2019 06:47:10 UTC] PHP 193. include() /home/ubuntu/workspace/sp19cst336s2/Labs/Lab6/api/getCategories.php:2
[26-Mar-2019 06:47:10 UTC] PHP 194. include() /home/ubuntu/workspace/sp19cst336s2/Labs/Lab6/api/getCategories.php:2
[26-Mar-2019 06:47:10 UTC] PHP 195. include() /home/ubuntu/workspace/sp19cst336s2/Labs/Lab6/api/getCategories.php:2
[26-Mar-2019 06:47:10 UTC] PHP 196. include() /home/ubuntu/workspace/sp19cst336s2/Labs/Lab6/api/getCategories.php:2
[26-Mar-2019 06:47:10 UTC] PHP 197. include() /home/ubuntu/workspace/sp19cst336s2/Labs/Lab6/api/getCategories.php:2
[26-Mar-2019 06:47:10 UTC] PHP 198. include() /home/ubuntu/workspace/sp19cst336s2/Labs/Lab6/api/getCategories.php:2
[26-Mar-2019 06:47:10 UTC] PHP 199. include() /home/ubuntu/workspace/sp19cst336s2/Labs/Lab6/api/getCategories.php:2
[26-Mar-2019 06:47:10 UTC] PHP 200. include() /home/ubuntu/workspace/sp19cst336s2/Labs/Lab6/api/getCategories.php:2
[26-Mar-2019 06:47:10 UTC] PHP 201. include() /home/ubuntu/workspace/sp19cst336s2/Labs/Lab6/api/getCategories.php:2
[26-Mar-2019 06:47:10 UTC] PHP 202. include() /home/ubuntu/workspace/sp19cst336s2/Labs/Lab6/api/getCategories.php:2
[26-Mar-2019 06:47:10 UTC] PHP 203. include() /home/ubuntu/workspace/sp19cst336s2/Labs/Lab6/api/getCategories.php:2
[26-Mar-2019 06:47:10 UTC] PHP 204. include() /home/ubuntu/workspace/sp19cst336s2/Labs/Lab6/api/getCategories.php:2
[26-Mar-2019 06:47:10 UTC] PHP 205. include() /home/ubuntu/workspace/sp19cst336s2/Labs/Lab6/api/getCategories.php:2
[26-Mar-2019 06:47:10 UTC] PHP 206. include() /home/ubuntu/workspace/sp19cst336s2/Labs/Lab6/api/getCategories.php:2
[26-Mar-2019 06:47:10 UTC] PHP 207. include() /home/ubuntu/workspace/sp19cst336s2/Labs/Lab6/api/getCategories.php:2
[26-Mar-2019 06:47:10 UTC] PHP 208. include() /home/ubuntu/workspace/sp19cst336s2/Labs/Lab6/api/getCategories.php:2
[26-Mar-2019 06:47:10 UTC] PHP 209. include() /home/ubuntu/workspace/sp19cst336s2/Labs/Lab6/api/getCategories.php:2
[26-Mar-2019 06:47:10 UTC] PHP 210. include() /home/ubuntu/workspace/sp19cst336s2/Labs/Lab6/api/getCategories.php:2
[26-Mar-2019 06:47:10 UTC] PHP 211. include() /home/ubuntu/workspace/sp19cst336s2/Labs/Lab6/api/getCategories.php:2
[26-Mar-2019 06:47:10 UTC] PHP 212. include() /home/ubuntu/workspace/sp19cst336s2/Labs/Lab6/api/getCategories.php:2
[26-Mar-2019 06:47:10 UTC] PHP 213. include() /home/ubuntu/workspace/sp19cst336s2/Labs/Lab6/api/getCategories.php:2
[26-Mar-2019 06:47:10 UTC] PHP 214. include() /home/ubuntu/workspace/sp19cst336s2/Labs/Lab6/api/getCategories.php:2
[26-Mar-2019 06:47:10 UTC] PHP 215. include() /home/ubuntu/workspace/sp19cst336s2/Labs/Lab6/api/getCategories.php:2
[26-Mar-2019 06:47:10 UTC] PHP 216. include() /home/ubuntu/workspace/sp19cst336s2/Labs/Lab6/api/getCategories.php:2
[26-Mar-2019 06:47:10 UTC] PHP 217. include() /home/ubuntu/workspace/sp19cst336s2/Labs/Lab6/api/getCategories.php:2
[26-Mar-2019 06:47:10 UTC] PHP 218. include() /home/ubuntu/workspace/sp19cst336s2/Labs/Lab6/api/getCategories.php:2
[26-Mar-2019 06:47:10 UTC] PHP 219. include() /home/ubuntu/workspace/sp19cst336s2/Labs/Lab6/api/getCategories.php:2
[26-Mar-2019 06:47:10 UTC] PHP 220. include() /home/ubuntu/workspace/sp19cst336s2/Labs/Lab6/api/getCategories.php:2
[26-Mar-2019 06:47:10 UTC] PHP 221. include() /home/ubuntu/workspace/sp19cst336s2/Labs/Lab6/api/getCategories.php:2
[26-Mar-2019 06:47:10 UTC] PHP 222. include() /home/ubuntu/workspace/sp19cst336s2/Labs/Lab6/api/getCategories.php:2
[26-Mar-2019 06:47:10 UTC] PHP 223. include() /home/ubuntu/workspace/sp19cst336s2/Labs/Lab6/api/getCategories.php:2
[26-Mar-2019 06:47:10 UTC] PHP 224. include() /home/ubuntu/workspace/sp19cst336s2/Labs/Lab6/api/getCategories.php:2
[26-Mar-2019 06:47:10 UTC] PHP 225. include() /home/ubuntu/workspace/sp19cst336s2/Labs/Lab6/api/getCategories.php:2
[26-Mar-2019 06:47:10 UTC] PHP 226. include() /home/ubuntu/workspace/sp19cst336s2/Labs/Lab6/api/getCategories.php:2
[26-Mar-2019 06:47:10 UTC] PHP 227. include() /home/ubuntu/workspace/sp19cst336s2/Labs/Lab6/api/getCategories.php:2
[26-Mar-2019 06:47:10 UTC] PHP 228. include() /home/ubuntu/workspace/sp19cst336s2/Labs/Lab6/api/getCategories.php:2
[26-Mar-2019 06:47:10 UTC] PHP 229. include() /home/ubuntu/workspace/sp19cst336s2/Labs/Lab6/api/getCategories.php:2
[26-Mar-2019 06:47:10 UTC] PHP 230. include() /home/ubuntu/workspace/sp19cst336s2/Labs/Lab6/api/getCategories.php:2
[26-Mar-2019 06:47:10 UTC] PHP 231. include() /home/ubuntu/workspace/sp19cst336s2/Labs/Lab6/api/getCategories.php:2
[26-Mar-2019 06:47:10 UTC] PHP 232. include() /home/ubuntu/workspace/sp19cst336s2/Labs/Lab6/api/getCategories.php:2
[26-Mar-2019 06:47:10 UTC] PHP 233. include() /home/ubuntu/workspace/sp19cst336s2/Labs/Lab6/api/getCategories.php:2
[26-Mar-2019 06:47:10 UTC] PHP 234. include() /home/ubuntu/workspace/sp19cst336s2/Labs/Lab6/api/getCategories.php:2
[26-Mar-2019 06:47:10 UTC] PHP 235. include() /home/ubuntu/workspace/sp19cst336s2/Labs/Lab6/api/getCategories.php:2
[26-Mar-2019 06:47:10 UTC] PHP 236. include() /home/ubuntu/workspace/sp19cst336s2/Labs/Lab6/api/getCategories.php:2
[26-Mar-2019 06:47:10 UTC] PHP 237. include() /home/ubuntu/workspace/sp19cst336s2/Labs/Lab6/api/getCategories.php:2
[26-Mar-2019 06:47:10 UTC] PHP 238. include() /home/ubuntu/workspace/sp19cst336s2/Labs/Lab6/api/getCategories.php:2
[26-Mar-2019 06:47:10 UTC] PHP 239. include() /home/ubuntu/workspace/sp19cst336s2/Labs/Lab6/api/getCategories.php:2
[26-Mar-2019 06:47:10 UTC] PHP 240. include() /home/ubuntu/workspace/sp19cst336s2/Labs/Lab6/api/getCategories.php:2
[26-Mar-2019 06:47:10 UTC] PHP 241. include() /home/ubuntu/workspace/sp19cst336s2/Labs/Lab6/api/getCategories.php:2
[26-Mar-2019 06:47:10 UTC] PHP 242. include() /home/ubuntu/workspace/sp19cst336s2/Labs/Lab6/api/getCategories.php:2
[26-Mar-2019 06:47:10 UTC] PHP 243. include() /home/ubuntu/workspace/sp19cst336s2/Labs/Lab6/api/getCategories.php:2
[26-Mar-2019 06:47:10 UTC] PHP 244. include() /home/ubuntu/workspace/sp19cst336s2/Labs/Lab6/api/getCategories.php:2
[26-Mar-2019 06:47:10 UTC] PHP 245. include() /home/ubuntu/workspace/sp19cst336s2/Labs/Lab6/api/getCategories.php:2
[26-Mar-2019 06:47:10 UTC] PHP 246. include() /home/ubuntu/workspace/sp19cst336s2/Labs/Lab6/api/getCategories.php:2
[26-Mar-2019 06:47:10 UTC] PHP 247. include() /home/ubuntu/workspace/sp19cst336s2/Labs/Lab6/api/getCategories.php:2
[26-Mar-2019 06:47:10 UTC] PHP 248. include() /home/ubuntu/workspace/sp19cst336s2/Labs/Lab6/api/getCategories.php:2
[26-Mar-2019 06:47:10 UTC] PHP 249. include() /home/ubuntu/workspace/sp19cst336s2/Labs/Lab6/api/getCategories.php:2
[26-Mar-2019 06:47:10 UTC] PHP 250. include() /home/ubuntu/workspace/sp19cst336s2/Labs/Lab6/api/getCategories.php:2
[26-Mar-2019 06:47:10 UTC] PHP 251. include() /home/ubuntu/workspace/sp19cst336s2/Labs/Lab6/api/getCategories.php:2
[26-Mar-2019 06:47:10 UTC] PHP 252. include() /home/ubuntu/workspace/sp19cst336s2/Labs/Lab6/api/getCategories.php:2
[26-Mar-2019 06:47:10 UTC] PHP 253. include() /home/ubuntu/workspace/sp19cst336s2/Labs/Lab6/api/getCategories.php:2
[26-Mar-2019 06:47:10 UTC] PHP 254. include() /home/ubuntu/workspace/sp19cst336s2/Labs/Lab6/api/getCategories.php:2
[26-Mar-2019 06:47:10 UTC] PHP 255. include() /home/ubuntu/workspace/sp19cst336s2/Labs/Lab6/api/getCategories.php:2
[26-Mar-2019 06:47:10 UTC] PHP 256. include() /home/ubuntu/workspace/sp19cst336s2/Labs/Lab6/api/getCategories.php:2
[26-Mar-2019 06:47:24 UTC] PHP Warning:  include(/getCategories.php): failed to open stream: No such file or directory in /home/ubuntu/workspace/sp19cst336s2/Labs/Lab6/api/getCategories.php on line 2
[26-Mar-2019 06:47:24 UTC] PHP Stack trace:
[26-Mar-2019 06:47:24 UTC] PHP   1. {main}() /home/ubuntu/workspace/sp19cst336s2/Labs/Lab6/api/getCategories.php:0
[26-Mar-2019 06:47:24 UTC] PHP Warning:  include(): Failed opening '/getCategories.php' for inclusion (include_path='.:/usr/share/php:/usr/share/pear') in /home/ubuntu/workspace/sp19cst336s2/Labs/Lab6/api/getCategories.php on line 2
[26-Mar-2019 06:47:24 UTC] PHP Stack trace:
[26-Mar-2019 06:47:24 UTC] PHP   1. {main}() /home/ubuntu/workspace/sp19cst336s2/Labs/Lab6/api/getCategories.php:0
[26-Mar-2019 06:47:24 UTC] PHP Fatal error:  Call to undefined function getDatabaseConnection() in /home/ubuntu/workspace/sp19cst336s2/Labs/Lab6/api/getCategories.php on line 4
[26-Mar-2019 06:47:24 UTC] PHP Stack trace:
[26-Mar-2019 06:47:24 UTC] PHP   1. {main}() /home/ubuntu/workspace/sp19cst336s2/Labs/Lab6/api/getCategories.php:0
[26-Mar-2019 06:47:34 UTC] PHP Warning:  include(../getCategories.php): failed to open stream: No such file or directory in /home/ubuntu/workspace/sp19cst336s2/Labs/Lab6/api/getCategories.php on line 2
[26-Mar-2019 06:47:34 UTC] PHP Stack trace:
[26-Mar-2019 06:47:34 UTC] PHP   1. {main}() /home/ubuntu/workspace/sp19cst336s2/Labs/Lab6/api/getCategories.php:0
[26-Mar-2019 06:47:34 UTC] PHP Warning:  include(): Failed opening '../getCategories.php' for inclusion (include_path='.:/usr/share/php:/usr/share/pear') in /home/ubuntu/workspace/sp19cst336s2/Labs/Lab6/api/getCategories.php on line 2
[26-Mar-2019 06:47:34 UTC] PHP Stack trace:
[26-Mar-2019 06:47:34 UTC] PHP   1. {main}() /home/ubuntu/workspace/sp19cst336s2/Labs/Lab6/api/getCategories.php:0
[26-Mar-2019 06:47:34 UTC] PHP Fatal error:  Call to undefined function getDatabaseConnection() in /home/ubuntu/workspace/sp19cst336s2/Labs/Lab6/api/getCategories.php on line 4
[26-Mar-2019 06:47:34 UTC] PHP Stack trace:
[26-Mar-2019 06:47:34 UTC] PHP   1. {main}() /home/ubuntu/workspace/sp19cst336s2/Labs/Lab6/api/getCategories.php:0
[26-Mar-2019 06:49:09 UTC] PHP Warning:  include(../getCategories.php): failed to open stream: No such file or directory in /home/ubuntu/workspace/sp19cst336s2/Labs/Lab6/api/getCategories.php on line 2
[26-Mar-2019 06:49:09 UTC] PHP Stack trace:
[26-Mar-2019 06:49:09 UTC] PHP   1. {main}() /home/ubuntu/workspace/sp19cst336s2/Labs/Lab6/api/getCategories.php:0
[26-Mar-2019 06:49:09 UTC] PHP Warning:  include(): Failed opening '../getCategories.php' for inclusion (include_path='.:/usr/share/php:/usr/share/pear') in /home/ubuntu/workspace/sp19cst336s2/Labs/Lab6/api/getCategories.php on line 2
[26-Mar-2019 06:49:09 UTC] PHP Stack trace:
[26-Mar-2019 06:49:09 UTC] PHP   1. {main}() /home/ubuntu/workspace/sp19cst336s2/Labs/Lab6/api/getCategories.php:0
[26-Mar-2019 06:49:09 UTC] PHP Fatal error:  Call to undefined function getDatabaseConnection() in /home/ubuntu/workspace/sp19cst336s2/Labs/Lab6/api/getCategories.php on line 4
[26-Mar-2019 06:49:09 UTC] PHP Stack trace:
[26-Mar-2019 06:49:09 UTC] PHP   1. {main}() /home/ubuntu/workspace/sp19cst336s2/Labs/Lab6/api/getCategories.php:0
[26-Mar-2019 06:49:16 UTC] PHP Warning:  include(../getCategories.php): failed to open stream: No such file or directory in /home/ubuntu/workspace/sp19cst336s2/Labs/Lab6/api/getCategories.php on line 2
[26-Mar-2019 06:49:16 UTC] PHP Stack trace:
[26-Mar-2019 06:49:16 UTC] PHP   1. {main}() /home/ubuntu/workspace/sp19cst336s2/Labs/Lab6/api/getCategories.php:0
[26-Mar-2019 06:49:16 UTC] PHP Warning:  include(): Failed opening '../getCategories.php' for inclusion (include_path='.:/usr/share/php:/usr/share/pear') in /home/ubuntu/workspace/sp19cst336s2/Labs/Lab6/api/getCategories.php on line 2
[26-Mar-2019 06:49:16 UTC] PHP Stack trace:
[26-Mar-2019 06:49:16 UTC] PHP   1. {main}() /home/ubuntu/workspace/sp19cst336s2/Labs/Lab6/api/getCategories.php:0
[26-Mar-2019 06:49:16 UTC] PHP Fatal error:  Call to undefined function getDatabaseConnection() in /home/ubuntu/workspace/sp19cst336s2/Labs/Lab6/api/getCategories.php on line 4
[26-Mar-2019 06:49:16 UTC] PHP Stack trace:
[26-Mar-2019 06:49:16 UTC] PHP   1. {main}() /home/ubuntu/workspace/sp19cst336s2/Labs/Lab6/api/getCategories.php:0
[26-Mar-2019 06:49:36 UTC] PHP Warning:  include(../getCategories.php): failed to open stream: No such file or directory in /home/ubuntu/workspace/sp19cst336s2/Labs/Lab6/api/getCategories.php on line 2
[26-Mar-2019 06:49:36 UTC] PHP Stack trace:
[26-Mar-2019 06:49:36 UTC] PHP   1. {main}() /home/ubuntu/workspace/sp19cst336s2/Labs/Lab6/api/getCategories.php:0
[26-Mar-2019 06:49:36 UTC] PHP Warning:  include(): Failed opening '../getCategories.php' for inclusion (include_path='.:/usr/share/php:/usr/share/pear') in /home/ubuntu/workspace/sp19cst336s2/Labs/Lab6/api/getCategories.php on line 2
[26-Mar-2019 06:49:36 UTC] PHP Stack trace:
[26-Mar-2019 06:49:36 UTC] PHP   1. {main}() /home/ubuntu/workspace/sp19cst336s2/Labs/Lab6/api/getCategories.php:0
[26-Mar-2019 06:49:36 UTC] PHP Fatal error:  Call to undefined function getDatabaseConnection() in /home/ubuntu/workspace/sp19cst336s2/Labs/Lab6/api/getCategories.php on line 4
[26-Mar-2019 06:49:36 UTC] PHP Stack trace:
[26-Mar-2019 06:49:36 UTC] PHP   1. {main}() /home/ubuntu/workspace/sp19cst336s2/Labs/Lab6/api/getCategories.php:0
[26-Mar-2019 06:51:09 UTC] PHP Fatal error:  Call to undefined function jason_encode() in /home/ubuntu/workspace/sp19cst336s2/Labs/Lab6/api/getCategories.php on line 12
[26-Mar-2019 06:51:09 UTC] PHP Stack trace:
[26-Mar-2019 06:51:09 UTC] PHP   1. {main}() /home/ubuntu/workspace/sp19cst336s2/Labs/Lab6/api/getCategories.php:0
[26-Mar-2019 16:48:00 UTC] PHP Fatal error:  Uncaught exception 'PDOException' with message 'SQLSTATE[HY093]: Invalid parameter number: parameter was not defined' in /home/ubuntu/workspace/sp19cst336s2/Labs/Lab6/api/getSearchResults.php:16
Stack trace:
#0 /home/ubuntu/workspace/sp19cst336s2/Labs/Lab6/api/getSearchResults.php(16): PDOStatement->execute(Array)
#1 {main}
  thrown in /home/ubuntu/workspace/sp19cst336s2/Labs/Lab6/api/getSearchResults.php on line 16
[26-Mar-2019 16:48:50 UTC] PHP Fatal error:  Uncaught exception 'PDOException' with message 'SQLSTATE[HY093]: Invalid parameter number: parameter was not defined' in /home/ubuntu/workspace/sp19cst336s2/Labs/Lab6/api/getSearchResults.php:16
Stack trace:
#0 /home/ubuntu/workspace/sp19cst336s2/Labs/Lab6/api/getSearchResults.php(16): PDOStatement->execute(Array)
#1 {main}
  thrown in /home/ubuntu/workspace/sp19cst336s2/Labs/Lab6/api/getSearchResults.php on line 16
[26-Mar-2019 17:24:06 UTC] PHP Fatal error:  Uncaught exception 'PDOException' with message 'SQLSTATE[HY093]: Invalid parameter number: number of bound variables does not match number of tokens' in /home/ubuntu/workspace/sp19cst336s2/Labs/Lab6/api/getSearchResults.php:36
Stack trace:
#0 /home/ubuntu/workspace/sp19cst336s2/Labs/Lab6/api/getSearchResults.php(36): PDOStatement->execute(Array)
#1 {main}
  thrown in /home/ubuntu/workspace/sp19cst336s2/Labs/Lab6/api/getSearchResults.php on line 36
[26-Mar-2019 17:26:37 UTC] PHP Fatal error:  Uncaught exception 'PDOException' with message 'SQLSTATE[HY093]: Invalid parameter number: number of bound variables does not match number of tokens' in /home/ubuntu/workspace/sp19cst336s2/Labs/Lab6/api/getSearchResults.php:36
Stack trace:
#0 /home/ubuntu/workspace/sp19cst336s2/Labs/Lab6/api/getSearchResults.php(36): PDOStatement->execute(Array)
#1 {main}
  thrown in /home/ubuntu/workspace/sp19cst336s2/Labs/Lab6/api/getSearchResults.php on line 36
[26-Mar-2019 17:26:37 UTC] PHP Fatal error:  Uncaught exception 'PDOException' with message 'SQLSTATE[HY093]: Invalid parameter number: number of bound variables does not match number of tokens' in /home/ubuntu/workspace/sp19cst336s2/Labs/Lab6/api/getSearchResults.php:36
Stack trace:
#0 /home/ubuntu/workspace/sp19cst336s2/Labs/Lab6/api/getSearchResults.php(36): PDOStatement->execute(Array)
#1 {main}
  thrown in /home/ubuntu/workspace/sp19cst336s2/Labs/Lab6/api/getSearchResults.php on line 36
[26-Mar-2019 17:32:15 UTC] PHP Fatal error:  Uncaught exception 'PDOException' with message 'SQLSTATE[HY093]: Invalid parameter number: parameter was not defined' in /home/ubuntu/workspace/sp19cst336s2/Labs/Lab6/api/getSearchResults.php:45
Stack trace:
#0 /home/ubuntu/workspace/sp19cst336s2/Labs/Lab6/api/getSearchResults.php(45): PDOStatement->execute(Array)
#1 {main}
  thrown in /home/ubuntu/workspace/sp19cst336s2/Labs/Lab6/api/getSearchResults.php on line 45
[26-Mar-2019 17:32:16 UTC] PHP Fatal error:  Uncaught exception 'PDOException' with message 'SQLSTATE[HY093]: Invalid parameter number: parameter was not defined' in /home/ubuntu/workspace/sp19cst336s2/Labs/Lab6/api/getSearchResults.php:45
Stack trace:
#0 /home/ubuntu/workspace/sp19cst336s2/Labs/Lab6/api/getSearchResults.php(45): PDOStatement->execute(Array)
#1 {main}
  thrown in /home/ubuntu/workspace/sp19cst336s2/Labs/Lab6/api/getSearchResults.php on line 45
[26-Mar-2019 19:07:28 UTC] PHP Fatal error:  Call to undefined function getDatebaseConnection() in /home/ubuntu/workspace/sp19cst336s2/Labs/Lab6/api/getPurchaseHistory.php on line 3
[26-Mar-2019 19:07:28 UTC] PHP Stack trace:
[26-Mar-2019 19:07:28 UTC] PHP   1. {main}() /home/ubuntu/workspace/sp19cst336s2/Labs/Lab6/api/getPurchaseHistory.php:0
[26-Mar-2019 19:08:35 UTC] PHP Fatal error:  Call to undefined function getDatebaseConnection() in /home/ubuntu/workspace/sp19cst336s2/Labs/Lab6/api/getPurchaseHistory.php on line 3
[26-Mar-2019 19:08:35 UTC] PHP Stack trace:
[26-Mar-2019 19:08:35 UTC] PHP   1. {main}() /home/ubuntu/workspace/sp19cst336s2/Labs/Lab6/api/getPurchaseHistory.php:0
[27-Mar-2019 18:28:56 UTC] PHP Fatal error:  Uncaught exception 'PDOException' with message 'SQLSTATE[HY000] [1044] Access denied for user 'bce62f200bbfcd'@'%' to database 'ottermart'' in /home/ubuntu/workspace/sp19cst336s2/Labs/Lab6/dbConnection.php:19
Stack trace:
#0 /home/ubuntu/workspace/sp19cst336s2/Labs/Lab6/dbConnection.php(19): PDO->__construct('mysql:host=us-c...', 'bce62f200bbfcd', '9eb9c2a7')
#1 /home/ubuntu/workspace/sp19cst336s2/Labs/Lab6/api/getCategories.php(4): getDatabaseConnection('ottermart')
#2 {main}
  thrown in /home/ubuntu/workspace/sp19cst336s2/Labs/Lab6/dbConnection.php on line 19
[27-Mar-2019 18:29:04 UTC] PHP Fatal error:  Uncaught exception 'PDOException' with message 'SQLSTATE[HY000] [1044] Access denied for user 'bce62f200bbfcd'@'%' to database 'ottermart'' in /home/ubuntu/workspace/sp19cst336s2/Labs/Lab6/dbConnection.php:19
Stack trace:
#0 /home/ubuntu/workspace/sp19cst336s2/Labs/Lab6/dbConnection.php(19): PDO->__construct('mysql:host=us-c...', 'bce62f200bbfcd', '9eb9c2a7')
#1 /home/ubuntu/workspace/sp19cst336s2/Labs/Lab6/api/getSearchResults.php(4): getDatabaseConnection('ottermart')
#2 {main}
  thrown in /home/ubuntu/workspace/sp19cst336s2/Labs/Lab6/dbConnection.php on line 19
[27-Mar-2019 18:29:04 UTC] PHP Fatal error:  Uncaught exception 'PDOException' with message 'SQLSTATE[HY000] [1044] Access denied for user 'bce62f200bbfcd'@'%' to database 'ottermart'' in /home/ubuntu/workspace/sp19cst336s2/Labs/Lab6/dbConnection.php:19
Stack trace:
#0 /home/ubuntu/workspace/sp19cst336s2/Labs/Lab6/dbConnection.php(19): PDO->__construct('mysql:host=us-c...', 'bce62f200bbfcd', '9eb9c2a7')
#1 /home/ubuntu/workspace/sp19cst336s2/Labs/Lab6/api/getSearchResults.php(4): getDatabaseConnection('ottermart')
#2 {main}
  thrown in /home/ubuntu/workspace/sp19cst336s2/Labs/Lab6/dbConnection.php on line 19
[27-Mar-2019 18:29:04 UTC] PHP Fatal error:  Uncaught exception 'PDOException' with message 'SQLSTATE[HY000] [1044] Access denied for user 'bce62f200bbfcd'@'%' to database 'ottermart'' in /home/ubuntu/workspace/sp19cst336s2/Labs/Lab6/dbConnection.php:19
Stack trace:
#0 /home/ubuntu/workspace/sp19cst336s2/Labs/Lab6/dbConnection.php(19): PDO->__construct('mysql:host=us-c...', 'bce62f200bbfcd', '9eb9c2a7')
#1 /home/ubuntu/workspace/sp19cst336s2/Labs/Lab6/api/getSearchResults.php(4): getDatabaseConnection('ottermart')
#2 {main}
  thrown in /home/ubuntu/workspace/sp19cst336s2/Labs/Lab6/dbConnection.php on line 19
[27-Mar-2019 18:29:05 UTC] PHP Fatal error:  Uncaught exception 'PDOException' with message 'SQLSTATE[HY000] [1044] Access denied for user 'bce62f200bbfcd'@'%' to database 'ottermart'' in /home/ubuntu/workspace/sp19cst336s2/Labs/Lab6/dbConnection.php:19
Stack trace:
#0 /home/ubuntu/workspace/sp19cst336s2/Labs/Lab6/dbConnection.php(19): PDO->__construct('mysql:host=us-c...', 'bce62f200bbfcd', '9eb9c2a7')
#1 /home/ubuntu/workspace/sp19cst336s2/Labs/Lab6/api/getSearchResults.php(4): getDatabaseConnection('ottermart')
#2 {main}
  thrown in /home/ubuntu/workspace/sp19cst336s2/Labs/Lab6/dbConnection.php on line 19
[27-Mar-2019 18:29:05 UTC] PHP Fatal error:  Uncaught exception 'PDOException' with message 'SQLSTATE[HY000] [1044] Access denied for user 'bce62f200bbfcd'@'%' to database 'ottermart'' in /home/ubuntu/workspace/sp19cst336s2/Labs/Lab6/dbConnection.php:19
Stack trace:
#0 /home/ubuntu/workspace/sp19cst336s2/Labs/Lab6/dbConnection.php(19): PDO->__construct('mysql:host=us-c...', 'bce62f200bbfcd', '9eb9c2a7')
#1 /home/ubuntu/workspace/sp19cst336s2/Labs/Lab6/api/getSearchResults.php(4): getDatabaseConnection('ottermart')
#2 {main}
  thrown in /home/ubuntu/workspace/sp19cst336s2/Labs/Lab6/dbConnection.php on line 19
[27-Mar-2019 18:29:06 UTC] PHP Fatal error:  Uncaught exception 'PDOException' with message 'SQLSTATE[HY000] [1044] Access denied for user 'bce62f200bbfcd'@'%' to database 'ottermart'' in /home/ubuntu/workspace/sp19cst336s2/Labs/Lab6/dbConnection.php:19
Stack trace:
#0 /home/ubuntu/workspace/sp19cst336s2/Labs/Lab6/dbConnection.php(19): PDO->__construct('mysql:host=us-c...', 'bce62f200bbfcd', '9eb9c2a7')
#1 /home/ubuntu/workspace/sp19cst336s2/Labs/Lab6/api/getSearchResults.php(4): getDatabaseConnection('ottermart')
#2 {main}
  thrown in /home/ubuntu/workspace/sp19cst336s2/Labs/Lab6/dbConnection.php on line 19
[27-Mar-2019 18:29:06 UTC] PHP Fatal error:  Uncaught exception 'PDOException' with message 'SQLSTATE[HY000] [1044] Access denied for user 'bce62f200bbfcd'@'%' to database 'ottermart'' in /home/ubuntu/workspace/sp19cst336s2/Labs/Lab6/dbConnection.php:19
Stack trace:
#0 /home/ubuntu/workspace/sp19cst336s2/Labs/Lab6/dbConnection.php(19): PDO->__construct('mysql:host=us-c...', 'bce62f200bbfcd', '9eb9c2a7')
#1 /home/ubuntu/workspace/sp19cst336s2/Labs/Lab6/api/getSearchResults.php(4): getDatabaseConnection('ottermart')
#2 {main}
  thrown in /home/ubuntu/workspace/sp19cst336s2/Labs/Lab6/dbConnection.php on line 19
[27-Mar-2019 18:29:07 UTC] PHP Fatal error:  Uncaught exception 'PDOException' with message 'SQLSTATE[HY000] [1044] Access denied for user 'bce62f200bbfcd'@'%' to database 'ottermart'' in /home/ubuntu/workspace/sp19cst336s2/Labs/Lab6/dbConnection.php:19
Stack trace:
#0 /home/ubuntu/workspace/sp19cst336s2/Labs/Lab6/dbConnection.php(19): PDO->__construct('mysql:host=us-c...', 'bce62f200bbfcd', '9eb9c2a7')
#1 /home/ubuntu/workspace/sp19cst336s2/Labs/Lab6/api/getSearchResults.php(4): getDatabaseConnection('ottermart')
#2 {main}
  thrown in /home/ubuntu/workspace/sp19cst336s2/Labs/Lab6/dbConnection.php on line 19
[27-Mar-2019 18:29:07 UTC] PHP Fatal error:  Uncaught exception 'PDOException' with message 'SQLSTATE[HY000] [1044] Access denied for user 'bce62f200bbfcd'@'%' to database 'ottermart'' in /home/ubuntu/workspace/sp19cst336s2/Labs/Lab6/dbConnection.php:19
Stack trace:
#0 /home/ubuntu/workspace/sp19cst336s2/Labs/Lab6/dbConnection.php(19): PDO->__construct('mysql:host=us-c...', 'bce62f200bbfcd', '9eb9c2a7')
#1 /home/ubuntu/workspace/sp19cst336s2/Labs/Lab6/api/getSearchResults.php(4): getDatabaseConnection('ottermart')
#2 {main}
  thrown in /home/ubuntu/workspace/sp19cst336s2/Labs/Lab6/dbConnection.php on line 19
[27-Mar-2019 18:29:08 UTC] PHP Fatal error:  Uncaught exception 'PDOException' with message 'SQLSTATE[HY000] [1044] Access denied for user 'bce62f200bbfcd'@'%' to database 'ottermart'' in /home/ubuntu/workspace/sp19cst336s2/Labs/Lab6/dbConnection.php:19
Stack trace:
#0 /home/ubuntu/workspace/sp19cst336s2/Labs/Lab6/dbConnection.php(19): PDO->__construct('mysql:host=us-c...', 'bce62f200bbfcd', '9eb9c2a7')
#1 /home/ubuntu/workspace/sp19cst336s2/Labs/Lab6/api/getSearchResults.php(4): getDatabaseConnection('ottermart')
#2 {main}
  thrown in /home/ubuntu/workspace/sp19cst336s2/Labs/Lab6/dbConnection.php on line 19
[27-Mar-2019 18:30:43 UTC] PHP Fatal error:  Uncaught exception 'PDOException' with message 'SQLSTATE[HY000] [1044] Access denied for user 'b8282773fb41e0'@'%' to database 'ottermart'' in /home/ubuntu/workspace/sp19cst336s2/Labs/Lab6/dbConnection.php:19
Stack trace:
#0 /home/ubuntu/workspace/sp19cst336s2/Labs/Lab6/dbConnection.php(19): PDO->__construct('mysql:host=us-c...', 'b8282773fb41e0', 'a78ad875')
#1 /home/ubuntu/workspace/sp19cst336s2/Labs/Lab6/api/getCategories.php(4): getDatabaseConnection('ottermart')
#2 {main}
  thrown in /home/ubuntu/workspace/sp19cst336s2/Labs/Lab6/dbConnection.php on line 19
[27-Mar-2019 18:30:46 UTC] PHP Fatal error:  Uncaught exception 'PDOException' with message 'SQLSTATE[HY000] [1044] Access denied for user 'b8282773fb41e0'@'%' to database 'ottermart'' in /home/ubuntu/workspace/sp19cst336s2/Labs/Lab6/dbConnection.php:19
Stack trace:
#0 /home/ubuntu/workspace/sp19cst336s2/Labs/Lab6/dbConnection.php(19): PDO->__construct('mysql:host=us-c...', 'b8282773fb41e0', 'a78ad875')
#1 /home/ubuntu/workspace/sp19cst336s2/Labs/Lab6/api/getSearchResults.php(4): getDatabaseConnection('ottermart')
#2 {main}
  thrown in /home/ubuntu/workspace/sp19cst336s2/Labs/Lab6/dbConnection.php on line 19
[27-Mar-2019 18:30:47 UTC] PHP Fatal error:  Uncaught exception 'PDOException' with message 'SQLSTATE[HY000] [1044] Access denied for user 'b8282773fb41e0'@'%' to database 'ottermart'' in /home/ubuntu/workspace/sp19cst336s2/Labs/Lab6/dbConnection.php:19
Stack trace:
#0 /home/ubuntu/workspace/sp19cst336s2/Labs/Lab6/dbConnection.php(19): PDO->__construct('mysql:host=us-c...', 'b8282773fb41e0', 'a78ad875')
#1 /home/ubuntu/workspace/sp19cst336s2/Labs/Lab6/api/getSearchResults.php(4): getDatabaseConnection('ottermart')
#2 {main}
  thrown in /home/ubuntu/workspace/sp19cst336s2/Labs/Lab6/dbConnection.php on line 19
[27-Mar-2019 18:31:17 UTC] PHP Fatal error:  Uncaught exception 'PDOException' with message 'SQLSTATE[HY000] [1044] Access denied for user 'bce62f200bbfcd'@'%' to database 'ottermart'' in /home/ubuntu/workspace/sp19cst336s2/Labs/Lab6/dbConnection.php:19
Stack trace:
#0 /home/ubuntu/workspace/sp19cst336s2/Labs/Lab6/dbConnection.php(19): PDO->__construct('mysql:host=us-c...', 'bce62f200bbfcd', '9eb9c2a7')
#1 /home/ubuntu/workspace/sp19cst336s2/Labs/Lab6/api/getCategories.php(4): getDatabaseConnection('ottermart')
#2 {main}
  thrown in /home/ubuntu/workspace/sp19cst336s2/Labs/Lab6/dbConnection.php on line 19
[27-Mar-2019 18:31:21 UTC] PHP Fatal error:  Uncaught exception 'PDOException' with message 'SQLSTATE[HY000] [1044] Access denied for user 'bce62f200bbfcd'@'%' to database 'ottermart'' in /home/ubuntu/workspace/sp19cst336s2/Labs/Lab6/dbConnection.php:19
Stack trace:
#0 /home/ubuntu/workspace/sp19cst336s2/Labs/Lab6/dbConnection.php(19): PDO->__construct('mysql:host=us-c...', 'bce62f200bbfcd', '9eb9c2a7')
#1 /home/ubuntu/workspace/sp19cst336s2/Labs/Lab6/api/getSearchResults.php(4): getDatabaseConnection('ottermart')
#2 {main}
  thrown in /home/ubuntu/workspace/sp19cst336s2/Labs/Lab6/dbConnection.php on line 19
[27-Mar-2019 18:31:22 UTC] PHP Fatal error:  Uncaught exception 'PDOException' with message 'SQLSTATE[HY000] [1044] Access denied for user 'bce62f200bbfcd'@'%' to database 'ottermart'' in /home/ubuntu/workspace/sp19cst336s2/Labs/Lab6/dbConnection.php:19
Stack trace:
#0 /home/ubuntu/workspace/sp19cst336s2/Labs/Lab6/dbConnection.php(19): PDO->__construct('mysql:host=us-c...', 'bce62f200bbfcd', '9eb9c2a7')
#1 /home/ubuntu/workspace/sp19cst336s2/Labs/Lab6/api/getSearchResults.php(4): getDatabaseConnection('ottermart')
#2 {main}
  thrown in /home/ubuntu/workspace/sp19cst336s2/Labs/Lab6/dbConnection.php on line 19
[27-Mar-2019 18:32:18 UTC] PHP Fatal error:  Uncaught exception 'PDOException' with message 'SQLSTATE[HY000] [1044] Access denied for user 'bce62f200bbfcd'@'%' to database 'ottermart'' in /home/ubuntu/workspace/sp19cst336s2/Labs/Lab6/dbConnection.php:19
Stack trace:
#0 /home/ubuntu/workspace/sp19cst336s2/Labs/Lab6/dbConnection.php(19): PDO->__construct('mysql:host=us-c...', 'bce62f200bbfcd', '9eb9c2a7')
#1 /home/ubuntu/workspace/sp19cst336s2/Labs/Lab6/api/getCategories.php(4): getDatabaseConnection('ottermart')
#2 {main}
  thrown in /home/ubuntu/workspace/sp19cst336s2/Labs/Lab6/dbConnection.php on line 19
[27-Mar-2019 18:32:18 UTC] PHP Fatal error:  Uncaught exception 'PDOException' with message 'SQLSTATE[HY000] [1044] Access denied for user 'bce62f200bbfcd'@'%' to database 'ottermart'' in /home/ubuntu/workspace/sp19cst336s2/Labs/Lab6/dbConnection.php:19
Stack trace:
#0 /home/ubuntu/workspace/sp19cst336s2/Labs/Lab6/dbConnection.php(19): PDO->__construct('mysql:host=us-c...', 'bce62f200bbfcd', '9eb9c2a7')
#1 /home/ubuntu/workspace/sp19cst336s2/Labs/Lab6/api/getSearchResults.php(4): getDatabaseConnection('ottermart')
#2 {main}
  thrown in /home/ubuntu/workspace/sp19cst336s2/Labs/Lab6/dbConnection.php on line 19
[27-Mar-2019 18:32:26 UTC] PHP Fatal error:  Uncaught exception 'PDOException' with message 'SQLSTATE[HY000] [1044] Access denied for user 'bce62f200bbfcd'@'%' to database 'ottermart'' in /home/ubuntu/workspace/sp19cst336s2/Labs/Lab6/dbConnection.php:19
Stack trace:
#0 /home/ubuntu/workspace/sp19cst336s2/Labs/Lab6/dbConnection.php(19): PDO->__construct('mysql:host=us-c...', 'bce62f200bbfcd', '9eb9c2a7')
#1 /home/ubuntu/workspace/sp19cst336s2/Labs/Lab6/api/getSearchResults.php(4): getDatabaseConnection('ottermart')
#2 {main}
  thrown in /home/ubuntu/workspace/sp19cst336s2/Labs/Lab6/dbConnection.php on line 19
[27-Mar-2019 18:37:56 UTC] PHP Fatal error:  Uncaught exception 'PDOException' with message 'SQLSTATE[HY000] [1044] Access denied for user 'bce62f200bbfcd'@'%' to database 'ottermart'' in /home/ubuntu/workspace/sp19cst336s2/Labs/Lab6/dbConnection.php:19
Stack trace:
#0 /home/ubuntu/workspace/sp19cst336s2/Labs/Lab6/dbConnection.php(19): PDO->__construct('mysql:host=us-c...', 'bce62f200bbfcd', '9eb9c2a7')
#1 /home/ubuntu/workspace/sp19cst336s2/Labs/Lab6/api/getCategories.php(4): getDatabaseConnection('ottermart')
#2 {main}
  thrown in /home/ubuntu/workspace/sp19cst336s2/Labs/Lab6/dbConnection.php on line 19
[27-Mar-2019 18:37:58 UTC] PHP Fatal error:  Uncaught exception 'PDOException' with message 'SQLSTATE[HY000] [1044] Access denied for user 'bce62f200bbfcd'@'%' to database 'ottermart'' in /home/ubuntu/workspace/sp19cst336s2/Labs/Lab6/dbConnection.php:19
Stack trace:
#0 /home/ubuntu/workspace/sp19cst336s2/Labs/Lab6/dbConnection.php(19): PDO->__construct('mysql:host=us-c...', 'bce62f200bbfcd', '9eb9c2a7')
#1 /home/ubuntu/workspace/sp19cst336s2/Labs/Lab6/api/getSearchResults.php(4): getDatabaseConnection('ottermart')
#2 {main}
  thrown in /home/ubuntu/workspace/sp19cst336s2/Labs/Lab6/dbConnection.php on line 19
[27-Mar-2019 18:37:58 UTC] PHP Fatal error:  Uncaught exception 'PDOException' with message 'SQLSTATE[HY000] [1044] Access denied for user 'bce62f200bbfcd'@'%' to database 'ottermart'' in /home/ubuntu/workspace/sp19cst336s2/Labs/Lab6/dbConnection.php:19
Stack trace:
#0 /home/ubuntu/workspace/sp19cst336s2/Labs/Lab6/dbConnection.php(19): PDO->__construct('mysql:host=us-c...', 'bce62f200bbfcd', '9eb9c2a7')
#1 /home/ubuntu/workspace/sp19cst336s2/Labs/Lab6/api/getSearchResults.php(4): getDatabaseConnection('ottermart')
#2 {main}
  thrown in /home/ubuntu/workspace/sp19cst336s2/Labs/Lab6/dbConnection.php on line 19
[27-Mar-2019 18:37:59 UTC] PHP Fatal error:  Uncaught exception 'PDOException' with message 'SQLSTATE[HY000] [1044] Access denied for user 'bce62f200bbfcd'@'%' to database 'ottermart'' in /home/ubuntu/workspace/sp19cst336s2/Labs/Lab6/dbConnection.php:19
Stack trace:
#0 /home/ubuntu/workspace/sp19cst336s2/Labs/Lab6/dbConnection.php(19): PDO->__construct('mysql:host=us-c...', 'bce62f200bbfcd', '9eb9c2a7')
#1 /home/ubuntu/workspace/sp19cst336s2/Labs/Lab6/api/getSearchResults.php(4): getDatabaseConnection('ottermart')
#2 {main}
  thrown in /home/ubuntu/workspace/sp19cst336s2/Labs/Lab6/dbConnection.php on line 19
[27-Mar-2019 18:40:15 UTC] PHP Fatal error:  Uncaught exception 'PDOException' with message 'SQLSTATE[HY000] [1044] Access denied for user 'bce62f200bbfcd'@'%' to database 'ottermart'' in /home/ubuntu/workspace/sp19cst336s2/Labs/Lab6/dbConnection.php:19
Stack trace:
#0 /home/ubuntu/workspace/sp19cst336s2/Labs/Lab6/dbConnection.php(19): PDO->__construct('mysql:host=us-c...', 'bce62f200bbfcd', '9eb9c2a7')
#1 /home/ubuntu/workspace/sp19cst336s2/Labs/Lab6/api/getCategories.php(4): getDatabaseConnection('ottermart')
#2 {main}
  thrown in /home/ubuntu/workspace/sp19cst336s2/Labs/Lab6/dbConnection.php on line 19
[27-Mar-2019 18:40:18 UTC] PHP Fatal error:  Uncaught exception 'PDOException' with message 'SQLSTATE[HY000] [1044] Access denied for user 'bce62f200bbfcd'@'%' to database 'ottermart'' in /home/ubuntu/workspace/sp19cst336s2/Labs/Lab6/dbConnection.php:19
Stack trace:
#0 /home/ubuntu/workspace/sp19cst336s2/Labs/Lab6/dbConnection.php(19): PDO->__construct('mysql:host=us-c...', 'bce62f200bbfcd', '9eb9c2a7')
#1 /home/ubuntu/workspace/sp19cst336s2/Labs/Lab6/api/getSearchResults.php(4): getDatabaseConnection('ottermart')
#2 {main}
  thrown in /home/ubuntu/workspace/sp19cst336s2/Labs/Lab6/dbConnection.php on line 19
[27-Mar-2019 18:40:19 UTC] PHP Fatal error:  Uncaught exception 'PDOException' with message 'SQLSTATE[HY000] [1044] Access denied for user 'bce62f200bbfcd'@'%' to database 'ottermart'' in /home/ubuntu/workspace/sp19cst336s2/Labs/Lab6/dbConnection.php:19
Stack trace:
#0 /home/ubuntu/workspace/sp19cst336s2/Labs/Lab6/dbConnection.php(19): PDO->__construct('mysql:host=us-c...', 'bce62f200bbfcd', '9eb9c2a7')
#1 /home/ubuntu/workspace/sp19cst336s2/Labs/Lab6/api/getSearchResults.php(4): getDatabaseConnection('ottermart')
#2 {main}
  thrown in /home/ubuntu/workspace/sp19cst336s2/Labs/Lab6/dbConnection.php on line 19
[27-Mar-2019 18:44:27 UTC] PHP Fatal error:  Uncaught exception 'PDOException' with message 'SQLSTATE[HY000] [1044] Access denied for user 'bce62f200bbfcd'@'%' to database 'ottermart'' in /home/ubuntu/workspace/sp19cst336s2/Labs/Lab6/dbConnection.php:20
Stack trace:
#0 /home/ubuntu/workspace/sp19cst336s2/Labs/Lab6/dbConnection.php(20): PDO->__construct('mysql:host=us-c...', 'bce62f200bbfcd', '9eb9c2a7')
#1 /home/ubuntu/workspace/sp19cst336s2/Labs/Lab6/api/getCategories.php(4): getDatabaseConnection('ottermart')
#2 {main}
  thrown in /home/ubuntu/workspace/sp19cst336s2/Labs/Lab6/dbConnection.php on line 20
[27-Mar-2019 18:44:27 UTC] PHP Fatal error:  Uncaught exception 'PDOException' with message 'SQLSTATE[HY000] [1044] Access denied for user 'bce62f200bbfcd'@'%' to database 'ottermart'' in /home/ubuntu/workspace/sp19cst336s2/Labs/Lab6/dbConnection.php:20
Stack trace:
#0 /home/ubuntu/workspace/sp19cst336s2/Labs/Lab6/dbConnection.php(20): PDO->__construct('mysql:host=us-c...', 'bce62f200bbfcd', '9eb9c2a7')
#1 /home/ubuntu/workspace/sp19cst336s2/Labs/Lab6/api/getSearchResults.php(4): getDatabaseConnection('ottermart')
#2 {main}
  thrown in /home/ubuntu/workspace/sp19cst336s2/Labs/Lab6/dbConnection.php on line 20
[27-Mar-2019 18:45:04 UTC] PHP Fatal error:  Uncaught exception 'PDOException' with message 'SQLSTATE[HY000] [1044] Access denied for user 'bce62f200bbfcd'@'%' to database 'ottermart'' in /home/ubuntu/workspace/sp19cst336s2/Labs/Lab6/dbConnection.php:20
Stack trace:
#0 /home/ubuntu/workspace/sp19cst336s2/Labs/Lab6/dbConnection.php(20): PDO->__construct('mysql:host=us-c...', 'bce62f200bbfcd', '9eb9c2a7')
#1 /home/ubuntu/workspace/sp19cst336s2/Labs/Lab6/api/getSearchResults.php(4): getDatabaseConnection('ottermart')
#2 {main}
  thrown in /home/ubuntu/workspace/sp19cst336s2/Labs/Lab6/dbConnection.php on line 20
[27-Mar-2019 18:45:04 UTC] PHP Fatal error:  Uncaught exception 'PDOException' with message 'SQLSTATE[HY000] [1044] Access denied for user 'bce62f200bbfcd'@'%' to database 'ottermart'' in /home/ubuntu/workspace/sp19cst336s2/Labs/Lab6/dbConnection.php:20
Stack trace:
#0 /home/ubuntu/workspace/sp19cst336s2/Labs/Lab6/dbConnection.php(20): PDO->__construct('mysql:host=us-c...', 'bce62f200bbfcd', '9eb9c2a7')
#1 /home/ubuntu/workspace/sp19cst336s2/Labs/Lab6/api/getCategories.php(4): getDatabaseConnection('ottermart')
#2 {main}
  thrown in /home/ubuntu/workspace/sp19cst336s2/Labs/Lab6/dbConnection.php on line 20
[27-Mar-2019 18:46:00 UTC] PHP Fatal error:  Uncaught exception 'PDOException' with message 'SQLSTATE[HY000] [1044] Access denied for user 'bce62f200bbfcd'@'%' to database 'ottermart'' in /home/ubuntu/workspace/sp19cst336s2/Labs/Lab6/dbConnection.php:20
Stack trace:
#0 /home/ubuntu/workspace/sp19cst336s2/Labs/Lab6/dbConnection.php(20): PDO->__construct('mysql:host=us-c...', 'bce62f200bbfcd', '9eb9c2a7')
#1 /home/ubuntu/workspace/sp19cst336s2/Labs/Lab6/api/getSearchResults.php(4): getDatabaseConnection('ottermart')
#2 {main}
  thrown in /home/ubuntu/workspace/sp19cst336s2/Labs/Lab6/dbConnection.php on line 20
[27-Mar-2019 18:46:00 UTC] PHP Fatal error:  Uncaught exception 'PDOException' with message 'SQLSTATE[HY000] [1044] Access denied for user 'bce62f200bbfcd'@'%' to database 'ottermart'' in /home/ubuntu/workspace/sp19cst336s2/Labs/Lab6/dbConnection.php:20
Stack trace:
#0 /home/ubuntu/workspace/sp19cst336s2/Labs/Lab6/dbConnection.php(20): PDO->__construct('mysql:host=us-c...', 'bce62f200bbfcd', '9eb9c2a7')
#1 /home/ubuntu/workspace/sp19cst336s2/Labs/Lab6/api/getCategories.php(4): getDatabaseConnection('ottermart')
#2 {main}
  thrown in /home/ubuntu/workspace/sp19cst336s2/Labs/Lab6/dbConnection.php on line 20
