[12-May-2019 04:53:41 UTC] PHP Warning:  include(dbConnection.php): failed to open stream: No such file or directory in /home/ubuntu/workspace/sp19cst336s2/Final/api/addTimeSlot.php on line 3
[12-May-2019 04:53:41 UTC] PHP Stack trace:
[12-May-2019 04:53:41 UTC] PHP   1. {main}() /home/ubuntu/workspace/sp19cst336s2/Final/api/addTimeSlot.php:0
[12-May-2019 04:53:41 UTC] PHP Warning:  include(): Failed opening 'dbConnection.php' for inclusion (include_path='.:/usr/share/php:/usr/share/pear') in /home/ubuntu/workspace/sp19cst336s2/Final/api/addTimeSlot.php on line 3
[12-May-2019 04:53:41 UTC] PHP Stack trace:
[12-May-2019 04:53:41 UTC] PHP   1. {main}() /home/ubuntu/workspace/sp19cst336s2/Final/api/addTimeSlot.php:0
[12-May-2019 04:53:41 UTC] PHP Fatal error:  Call to undefined function getDatabaseConnection() in /home/ubuntu/workspace/sp19cst336s2/Final/api/addTimeSlot.php on line 4
[12-May-2019 04:53:41 UTC] PHP Stack trace:
[12-May-2019 04:53:41 UTC] PHP   1. {main}() /home/ubuntu/workspace/sp19cst336s2/Final/api/addTimeSlot.php:0
[12-May-2019 04:55:17 UTC] PHP Fatal error:  Uncaught exception 'PDOException' with message 'SQLSTATE[23000]: Integrity constraint violation: 1048 Column 'date' cannot be null' in /home/ubuntu/workspace/sp19cst336s2/Final/api/addTimeSlot.php:17
Stack trace:
#0 /home/ubuntu/workspace/sp19cst336s2/Final/api/addTimeSlot.php(17): PDOStatement->execute(Array)
#1 {main}
  thrown in /home/ubuntu/workspace/sp19cst336s2/Final/api/addTimeSlot.php on line 17
[12-May-2019 04:58:35 UTC] PHP Fatal error:  Uncaught exception 'PDOException' with message 'SQLSTATE[23000]: Integrity constraint violation: 1048 Column 'date' cannot be null' in /home/ubuntu/workspace/sp19cst336s2/Final/api/addTimeSlot.php:17
Stack trace:
#0 /home/ubuntu/workspace/sp19cst336s2/Final/api/addTimeSlot.php(17): PDOStatement->execute(Array)
#1 {main}
  thrown in /home/ubuntu/workspace/sp19cst336s2/Final/api/addTimeSlot.php on line 17
[12-May-2019 05:01:26 UTC] PHP Warning:  json_decode() expects parameter 1 to be string, array given in /home/ubuntu/workspace/sp19cst336s2/Final/api/addTimeSlot.php on line 18
[12-May-2019 05:01:26 UTC] PHP Stack trace:
[12-May-2019 05:01:26 UTC] PHP   1. {main}() /home/ubuntu/workspace/sp19cst336s2/Final/api/addTimeSlot.php:0
[12-May-2019 05:01:26 UTC] PHP   2. json_decode() /home/ubuntu/workspace/sp19cst336s2/Final/api/addTimeSlot.php:18
[12-May-2019 05:23:19 UTC] PHP Warning:  include(dbConnection.php): failed to open stream: No such file or directory in /home/ubuntu/workspace/sp19cst336s2/Final/api/getTimeSlot.php on line 3
[12-May-2019 05:23:19 UTC] PHP Stack trace:
[12-May-2019 05:23:19 UTC] PHP   1. {main}() /home/ubuntu/workspace/sp19cst336s2/Final/api/getTimeSlot.php:0
[12-May-2019 05:23:19 UTC] PHP Warning:  include(): Failed opening 'dbConnection.php' for inclusion (include_path='.:/usr/share/php:/usr/share/pear') in /home/ubuntu/workspace/sp19cst336s2/Final/api/getTimeSlot.php on line 3
[12-May-2019 05:23:19 UTC] PHP Stack trace:
[12-May-2019 05:23:19 UTC] PHP   1. {main}() /home/ubuntu/workspace/sp19cst336s2/Final/api/getTimeSlot.php:0
[12-May-2019 05:23:19 UTC] PHP Fatal error:  Call to undefined function getDatabaseConnection() in /home/ubuntu/workspace/sp19cst336s2/Final/api/getTimeSlot.php on line 4
[12-May-2019 05:23:19 UTC] PHP Stack trace:
[12-May-2019 05:23:19 UTC] PHP   1. {main}() /home/ubuntu/workspace/sp19cst336s2/Final/api/getTimeSlot.php:0
[12-May-2019 05:24:32 UTC] PHP Fatal error:  Uncaught exception 'PDOException' with message 'SQLSTATE[42000]: Syntax error or access violation: 1064 You have an error in your SQL syntax; check the manual that corresponds to your MySQL server version for the right syntax to use near 'LIKE NULL' at line 1' in /home/ubuntu/workspace/sp19cst336s2/Final/api/getTimeSlot.php:14
Stack trace:
#0 /home/ubuntu/workspace/sp19cst336s2/Final/api/getTimeSlot.php(14): PDOStatement->execute(Array)
#1 {main}
  thrown in /home/ubuntu/workspace/sp19cst336s2/Final/api/getTimeSlot.php on line 14
[12-May-2019 05:24:59 UTC] PHP Fatal error:  Uncaught exception 'PDOException' with message 'SQLSTATE[42000]: Syntax error or access violation: 1064 You have an error in your SQL syntax; check the manual that corresponds to your MySQL server version for the right syntax to use near 'LIKE NULL' at line 1' in /home/ubuntu/workspace/sp19cst336s2/Final/api/getTimeSlot.php:14
Stack trace:
#0 /home/ubuntu/workspace/sp19cst336s2/Final/api/getTimeSlot.php(14): PDOStatement->execute(Array)
#1 {main}
  thrown in /home/ubuntu/workspace/sp19cst336s2/Final/api/getTimeSlot.php on line 14
[12-May-2019 05:28:32 UTC] PHP Fatal error:  Uncaught exception 'PDOException' with message 'SQLSTATE[42000]: Syntax error or access violation: 1064 You have an error in your SQL syntax; check the manual that corresponds to your MySQL server version for the right syntax to use near 'LIKE NULL' at line 1' in /home/ubuntu/workspace/sp19cst336s2/Final/api/getTimeSlot.php:14
Stack trace:
#0 /home/ubuntu/workspace/sp19cst336s2/Final/api/getTimeSlot.php(14): PDOStatement->execute(Array)
#1 {main}
  thrown in /home/ubuntu/workspace/sp19cst336s2/Final/api/getTimeSlot.php on line 14
[12-May-2019 05:35:10 UTC] PHP Fatal error:  Uncaught exception 'PDOException' with message 'SQLSTATE[42000]: Syntax error or access violation: 1064 You have an error in your SQL syntax; check the manual that corresponds to your MySQL server version for the right syntax to use near 'LIKE NULL' at line 1' in /home/ubuntu/workspace/sp19cst336s2/Final/api/getTimeSlot.php:14
Stack trace:
#0 /home/ubuntu/workspace/sp19cst336s2/Final/api/getTimeSlot.php(14): PDOStatement->execute(Array)
#1 {main}
  thrown in /home/ubuntu/workspace/sp19cst336s2/Final/api/getTimeSlot.php on line 14
[12-May-2019 05:36:37 UTC] PHP Fatal error:  Uncaught exception 'PDOException' with message 'SQLSTATE[42000]: Syntax error or access violation: 1064 You have an error in your SQL syntax; check the manual that corresponds to your MySQL server version for the right syntax to use near 'LIKE NULL' at line 1' in /home/ubuntu/workspace/sp19cst336s2/Final/api/getTimeSlot.php:14
Stack trace:
#0 /home/ubuntu/workspace/sp19cst336s2/Final/api/getTimeSlot.php(14): PDOStatement->execute(Array)
#1 {main}
  thrown in /home/ubuntu/workspace/sp19cst336s2/Final/api/getTimeSlot.php on line 14
[12-May-2019 08:08:57 UTC] PHP Fatal error:  Uncaught exception 'PDOException' with message 'SQLSTATE[42000]: Syntax error or access violation: 1064 You have an error in your SQL syntax; check the manual that corresponds to your MySQL server version for the right syntax to use near '* FROM scheduler WHERE user_id LIKE '108544729482107417556' AND date LIKE NULL A' at line 1' in /home/ubuntu/workspace/sp19cst336s2/Final/api/deleteTimeSlot.php:15
Stack trace:
#0 /home/ubuntu/workspace/sp19cst336s2/Final/api/deleteTimeSlot.php(15): PDOStatement->execute(Array)
#1 {main}
  thrown in /home/ubuntu/workspace/sp19cst336s2/Final/api/deleteTimeSlot.php on line 15
[12-May-2019 08:10:01 UTC] PHP Fatal error:  Uncaught exception 'PDOException' with message 'SQLSTATE[42000]: Syntax error or access violation: 1064 You have an error in your SQL syntax; check the manual that corresponds to your MySQL server version for the right syntax to use near '* FROM scheduler WHERE user_id LIKE '108544729482107417556' AND date LIKE NULL A' at line 1' in /home/ubuntu/workspace/sp19cst336s2/Final/api/deleteTimeSlot.php:15
Stack trace:
#0 /home/ubuntu/workspace/sp19cst336s2/Final/api/deleteTimeSlot.php(15): PDOStatement->execute(Array)
#1 {main}
  thrown in /home/ubuntu/workspace/sp19cst336s2/Final/api/deleteTimeSlot.php on line 15
[12-May-2019 08:10:41 UTC] PHP Fatal error:  Uncaught exception 'PDOException' with message 'SQLSTATE[42000]: Syntax error or access violation: 1064 You have an error in your SQL syntax; check the manual that corresponds to your MySQL server version for the right syntax to use near '* FROM scheduler WHERE user_id LIKE '108544729482107417556' AND date LIKE NULL A' at line 1' in /home/ubuntu/workspace/sp19cst336s2/Final/api/deleteTimeSlot.php:15
Stack trace:
#0 /home/ubuntu/workspace/sp19cst336s2/Final/api/deleteTimeSlot.php(15): PDOStatement->execute(Array)
#1 {main}
  thrown in /home/ubuntu/workspace/sp19cst336s2/Final/api/deleteTimeSlot.php on line 15
[12-May-2019 08:11:38 UTC] PHP Fatal error:  Uncaught exception 'PDOException' with message 'SQLSTATE[42000]: Syntax error or access violation: 1064 You have an error in your SQL syntax; check the manual that corresponds to your MySQL server version for the right syntax to use near '* FROM scheduler WHERE user_id LIKE '108544729482107417556' AND date LIKE NULL A' at line 1' in /home/ubuntu/workspace/sp19cst336s2/Final/api/deleteTimeSlot.php:15
Stack trace:
#0 /home/ubuntu/workspace/sp19cst336s2/Final/api/deleteTimeSlot.php(15): PDOStatement->execute(Array)
#1 {main}
  thrown in /home/ubuntu/workspace/sp19cst336s2/Final/api/deleteTimeSlot.php on line 15
[12-May-2019 08:15:52 UTC] PHP Fatal error:  Uncaught exception 'PDOException' with message 'SQLSTATE[HY093]: Invalid parameter number: parameter was not defined' in /home/ubuntu/workspace/sp19cst336s2/Final/api/deleteTimeSlot.php:20
Stack trace:
#0 /home/ubuntu/workspace/sp19cst336s2/Final/api/deleteTimeSlot.php(20): PDOStatement->execute(Array)
#1 {main}
  thrown in /home/ubuntu/workspace/sp19cst336s2/Final/api/deleteTimeSlot.php on line 20
[12-May-2019 08:16:30 UTC] PHP Fatal error:  Uncaught exception 'PDOException' with message 'SQLSTATE[HY093]: Invalid parameter number: parameter was not defined' in /home/ubuntu/workspace/sp19cst336s2/Final/api/deleteTimeSlot.php:20
Stack trace:
#0 /home/ubuntu/workspace/sp19cst336s2/Final/api/deleteTimeSlot.php(20): PDOStatement->execute(Array)
#1 {main}
  thrown in /home/ubuntu/workspace/sp19cst336s2/Final/api/deleteTimeSlot.php on line 20
[12-May-2019 08:17:45 UTC] PHP Fatal error:  Uncaught exception 'PDOException' with message 'SQLSTATE[42000]: Syntax error or access violation: 1064 You have an error in your SQL syntax; check the manual that corresponds to your MySQL server version for the right syntax to use near '* FROM scheduler WHERE user_id LIKE '108544729482107417556' AND date = NULL AND ' at line 1' in /home/ubuntu/workspace/sp19cst336s2/Final/api/deleteTimeSlot.php:17
Stack trace:
#0 /home/ubuntu/workspace/sp19cst336s2/Final/api/deleteTimeSlot.php(17): PDOStatement->execute(Array)
#1 {main}
  thrown in /home/ubuntu/workspace/sp19cst336s2/Final/api/deleteTimeSlot.php on line 17
[12-May-2019 08:19:10 UTC] PHP Fatal error:  Uncaught exception 'PDOException' with message 'SQLSTATE[42000]: Syntax error or access violation: 1064 You have an error in your SQL syntax; check the manual that corresponds to your MySQL server version for the right syntax to use near 'DELETEFROM scheduler WHERE user_id LIKE '108544729482107417556' AND date = NULL ' at line 1' in /home/ubuntu/workspace/sp19cst336s2/Final/api/deleteTimeSlot.php:17
Stack trace:
#0 /home/ubuntu/workspace/sp19cst336s2/Final/api/deleteTimeSlot.php(17): PDOStatement->execute(Array)
#1 {main}
  thrown in /home/ubuntu/workspace/sp19cst336s2/Final/api/deleteTimeSlot.php on line 17
[12-May-2019 08:20:18 UTC] PHP Fatal error:  Uncaught exception 'PDOException' with message 'SQLSTATE[HY000]: General error' in /home/ubuntu/workspace/sp19cst336s2/Final/api/deleteTimeSlot.php:17
Stack trace:
#0 /home/ubuntu/workspace/sp19cst336s2/Final/api/deleteTimeSlot.php(17): PDOStatement->fetchAll(2)
#1 {main}
  thrown in /home/ubuntu/workspace/sp19cst336s2/Final/api/deleteTimeSlot.php on line 17
[12-May-2019 08:21:19 UTC] PHP Fatal error:  Uncaught exception 'PDOException' with message 'SQLSTATE[HY000]: General error' in /home/ubuntu/workspace/sp19cst336s2/Final/api/deleteTimeSlot.php:16
Stack trace:
#0 /home/ubuntu/workspace/sp19cst336s2/Final/api/deleteTimeSlot.php(16): PDOStatement->fetchAll(2)
#1 {main}
  thrown in /home/ubuntu/workspace/sp19cst336s2/Final/api/deleteTimeSlot.php on line 16
[12-May-2019 08:22:19 UTC] PHP Warning:  json_decode() expects parameter 1 to be string, array given in /home/ubuntu/workspace/sp19cst336s2/Final/api/deleteTimeSlot.php on line 16
[12-May-2019 08:22:19 UTC] PHP Stack trace:
[12-May-2019 08:22:19 UTC] PHP   1. {main}() /home/ubuntu/workspace/sp19cst336s2/Final/api/deleteTimeSlot.php:0
[12-May-2019 08:22:19 UTC] PHP   2. json_decode() /home/ubuntu/workspace/sp19cst336s2/Final/api/deleteTimeSlot.php:16
[12-May-2019 08:24:04 UTC] PHP Warning:  json_decode() expects parameter 1 to be string, array given in /home/ubuntu/workspace/sp19cst336s2/Final/api/deleteTimeSlot.php on line 16
[12-May-2019 08:24:04 UTC] PHP Stack trace:
[12-May-2019 08:24:04 UTC] PHP   1. {main}() /home/ubuntu/workspace/sp19cst336s2/Final/api/deleteTimeSlot.php:0
[12-May-2019 08:24:04 UTC] PHP   2. json_decode() /home/ubuntu/workspace/sp19cst336s2/Final/api/deleteTimeSlot.php:16
[12-May-2019 08:26:26 UTC] PHP Fatal error:  Uncaught exception 'PDOException' with message 'SQLSTATE[HY000]: General error' in /home/ubuntu/workspace/sp19cst336s2/Final/api/deleteTimeSlot.php:16
Stack trace:
#0 /home/ubuntu/workspace/sp19cst336s2/Final/api/deleteTimeSlot.php(16): PDOStatement->fetchAll(2)
#1 {main}
  thrown in /home/ubuntu/workspace/sp19cst336s2/Final/api/deleteTimeSlot.php on line 16
[12-May-2019 08:29:31 UTC] PHP Warning:  include(dbConnection.php): failed to open stream: No such file or directory in /home/ubuntu/workspace/sp19cst336s2/Final/api/deleteTimeSlot.php on line 3
[12-May-2019 08:29:31 UTC] PHP Stack trace:
[12-May-2019 08:29:31 UTC] PHP   1. {main}() /home/ubuntu/workspace/sp19cst336s2/Final/api/deleteTimeSlot.php:0
[12-May-2019 08:29:31 UTC] PHP Warning:  include(): Failed opening 'dbConnection.php' for inclusion (include_path='.:/usr/share/php:/usr/share/pear') in /home/ubuntu/workspace/sp19cst336s2/Final/api/deleteTimeSlot.php on line 3
[12-May-2019 08:29:31 UTC] PHP Stack trace:
[12-May-2019 08:29:31 UTC] PHP   1. {main}() /home/ubuntu/workspace/sp19cst336s2/Final/api/deleteTimeSlot.php:0
[12-May-2019 08:29:31 UTC] PHP Fatal error:  Call to undefined function getDatabaseConnection() in /home/ubuntu/workspace/sp19cst336s2/Final/api/deleteTimeSlot.php on line 4
[12-May-2019 08:29:31 UTC] PHP Stack trace:
[12-May-2019 08:29:31 UTC] PHP   1. {main}() /home/ubuntu/workspace/sp19cst336s2/Final/api/deleteTimeSlot.php:0
[12-May-2019 08:29:44 UTC] PHP Fatal error:  Uncaught exception 'PDOException' with message 'SQLSTATE[HY000]: General error' in /home/ubuntu/workspace/sp19cst336s2/Final/api/deleteTimeSlot.php:17
Stack trace:
#0 /home/ubuntu/workspace/sp19cst336s2/Final/api/deleteTimeSlot.php(17): PDOStatement->fetchAll(2)
#1 {main}
  thrown in /home/ubuntu/workspace/sp19cst336s2/Final/api/deleteTimeSlot.php on line 17
[12-May-2019 08:32:19 UTC] PHP Warning:  json_decode() expects parameter 1 to be string, array given in /home/ubuntu/workspace/sp19cst336s2/Final/api/addTimeSlot.php on line 18
[12-May-2019 08:32:19 UTC] PHP Stack trace:
[12-May-2019 08:32:19 UTC] PHP   1. {main}() /home/ubuntu/workspace/sp19cst336s2/Final/api/addTimeSlot.php:0
[12-May-2019 08:32:19 UTC] PHP   2. json_decode() /home/ubuntu/workspace/sp19cst336s2/Final/api/addTimeSlot.php:18
[12-May-2019 08:32:32 UTC] PHP Fatal error:  Uncaught exception 'PDOException' with message 'SQLSTATE[HY000]: General error' in /home/ubuntu/workspace/sp19cst336s2/Final/api/deleteTimeSlot.php:17
Stack trace:
#0 /home/ubuntu/workspace/sp19cst336s2/Final/api/deleteTimeSlot.php(17): PDOStatement->fetchAll(2)
#1 {main}
  thrown in /home/ubuntu/workspace/sp19cst336s2/Final/api/deleteTimeSlot.php on line 17
[12-May-2019 08:35:35 UTC] PHP Warning:  json_decode() expects parameter 1 to be string, array given in /home/ubuntu/workspace/sp19cst336s2/Final/api/addTimeSlot.php on line 18
[12-May-2019 08:35:35 UTC] PHP Stack trace:
[12-May-2019 08:35:35 UTC] PHP   1. {main}() /home/ubuntu/workspace/sp19cst336s2/Final/api/addTimeSlot.php:0
[12-May-2019 08:35:35 UTC] PHP   2. json_decode() /home/ubuntu/workspace/sp19cst336s2/Final/api/addTimeSlot.php:18
[12-May-2019 08:35:43 UTC] PHP Fatal error:  Uncaught exception 'PDOException' with message 'SQLSTATE[HY000]: General error' in /home/ubuntu/workspace/sp19cst336s2/Final/api/deleteTimeSlot.php:18
Stack trace:
#0 /home/ubuntu/workspace/sp19cst336s2/Final/api/deleteTimeSlot.php(18): PDOStatement->fetchAll(2)
#1 {main}
  thrown in /home/ubuntu/workspace/sp19cst336s2/Final/api/deleteTimeSlot.php on line 18
[12-May-2019 08:38:23 UTC] PHP Warning:  json_decode() expects parameter 1 to be string, array given in /home/ubuntu/workspace/sp19cst336s2/Final/api/addTimeSlot.php on line 18
[12-May-2019 08:38:23 UTC] PHP Stack trace:
[12-May-2019 08:38:23 UTC] PHP   1. {main}() /home/ubuntu/workspace/sp19cst336s2/Final/api/addTimeSlot.php:0
[12-May-2019 08:38:23 UTC] PHP   2. json_decode() /home/ubuntu/workspace/sp19cst336s2/Final/api/addTimeSlot.php:18
[12-May-2019 08:38:35 UTC] PHP Fatal error:  Uncaught exception 'PDOException' with message 'SQLSTATE[HY000]: General error' in /home/ubuntu/workspace/sp19cst336s2/Final/api/deleteTimeSlot.php:18
Stack trace:
#0 /home/ubuntu/workspace/sp19cst336s2/Final/api/deleteTimeSlot.php(18): PDOStatement->fetchAll(2)
#1 {main}
  thrown in /home/ubuntu/workspace/sp19cst336s2/Final/api/deleteTimeSlot.php on line 18
[12-May-2019 08:38:37 UTC] PHP Fatal error:  Uncaught exception 'PDOException' with message 'SQLSTATE[HY000]: General error' in /home/ubuntu/workspace/sp19cst336s2/Final/api/deleteTimeSlot.php:18
Stack trace:
#0 /home/ubuntu/workspace/sp19cst336s2/Final/api/deleteTimeSlot.php(18): PDOStatement->fetchAll(2)
#1 {main}
  thrown in /home/ubuntu/workspace/sp19cst336s2/Final/api/deleteTimeSlot.php on line 18
[12-May-2019 08:39:01 UTC] PHP Warning:  json_decode() expects parameter 1 to be string, array given in /home/ubuntu/workspace/sp19cst336s2/Final/api/addTimeSlot.php on line 18
[12-May-2019 08:39:01 UTC] PHP Stack trace:
[12-May-2019 08:39:01 UTC] PHP   1. {main}() /home/ubuntu/workspace/sp19cst336s2/Final/api/addTimeSlot.php:0
[12-May-2019 08:39:01 UTC] PHP   2. json_decode() /home/ubuntu/workspace/sp19cst336s2/Final/api/addTimeSlot.php:18
[12-May-2019 08:39:05 UTC] PHP Fatal error:  Uncaught exception 'PDOException' with message 'SQLSTATE[HY000]: General error' in /home/ubuntu/workspace/sp19cst336s2/Final/api/deleteTimeSlot.php:18
Stack trace:
#0 /home/ubuntu/workspace/sp19cst336s2/Final/api/deleteTimeSlot.php(18): PDOStatement->fetchAll(2)
#1 {main}
  thrown in /home/ubuntu/workspace/sp19cst336s2/Final/api/deleteTimeSlot.php on line 18
[12-May-2019 08:39:07 UTC] PHP Fatal error:  Uncaught exception 'PDOException' with message 'SQLSTATE[HY000]: General error' in /home/ubuntu/workspace/sp19cst336s2/Final/api/deleteTimeSlot.php:18
Stack trace:
#0 /home/ubuntu/workspace/sp19cst336s2/Final/api/deleteTimeSlot.php(18): PDOStatement->fetchAll(2)
#1 {main}
  thrown in /home/ubuntu/workspace/sp19cst336s2/Final/api/deleteTimeSlot.php on line 18
[12-May-2019 08:40:12 UTC] PHP Warning:  json_decode() expects parameter 1 to be string, array given in /home/ubuntu/workspace/sp19cst336s2/Final/api/addTimeSlot.php on line 18
[12-May-2019 08:40:12 UTC] PHP Stack trace:
[12-May-2019 08:40:12 UTC] PHP   1. {main}() /home/ubuntu/workspace/sp19cst336s2/Final/api/addTimeSlot.php:0
[12-May-2019 08:40:12 UTC] PHP   2. json_decode() /home/ubuntu/workspace/sp19cst336s2/Final/api/addTimeSlot.php:18
[12-May-2019 08:40:15 UTC] PHP Fatal error:  Uncaught exception 'PDOException' with message 'SQLSTATE[HY000]: General error' in /home/ubuntu/workspace/sp19cst336s2/Final/api/deleteTimeSlot.php:18
Stack trace:
#0 /home/ubuntu/workspace/sp19cst336s2/Final/api/deleteTimeSlot.php(18): PDOStatement->fetchAll(2)
#1 {main}
  thrown in /home/ubuntu/workspace/sp19cst336s2/Final/api/deleteTimeSlot.php on line 18
[12-May-2019 08:40:36 UTC] PHP Warning:  json_decode() expects parameter 1 to be string, array given in /home/ubuntu/workspace/sp19cst336s2/Final/api/addTimeSlot.php on line 18
[12-May-2019 08:40:36 UTC] PHP Stack trace:
[12-May-2019 08:40:36 UTC] PHP   1. {main}() /home/ubuntu/workspace/sp19cst336s2/Final/api/addTimeSlot.php:0
[12-May-2019 08:40:36 UTC] PHP   2. json_decode() /home/ubuntu/workspace/sp19cst336s2/Final/api/addTimeSlot.php:18
[12-May-2019 08:41:04 UTC] PHP Warning:  json_decode() expects parameter 1 to be string, array given in /home/ubuntu/workspace/sp19cst336s2/Final/api/addTimeSlot.php on line 18
[12-May-2019 08:41:04 UTC] PHP Stack trace:
[12-May-2019 08:41:04 UTC] PHP   1. {main}() /home/ubuntu/workspace/sp19cst336s2/Final/api/addTimeSlot.php:0
[12-May-2019 08:41:04 UTC] PHP   2. json_decode() /home/ubuntu/workspace/sp19cst336s2/Final/api/addTimeSlot.php:18
[12-May-2019 08:41:14 UTC] PHP Fatal error:  Uncaught exception 'PDOException' with message 'SQLSTATE[HY000]: General error' in /home/ubuntu/workspace/sp19cst336s2/Final/api/deleteTimeSlot.php:18
Stack trace:
#0 /home/ubuntu/workspace/sp19cst336s2/Final/api/deleteTimeSlot.php(18): PDOStatement->fetchAll(2)
#1 {main}
  thrown in /home/ubuntu/workspace/sp19cst336s2/Final/api/deleteTimeSlot.php on line 18
[12-May-2019 08:41:16 UTC] PHP Fatal error:  Uncaught exception 'PDOException' with message 'SQLSTATE[HY000]: General error' in /home/ubuntu/workspace/sp19cst336s2/Final/api/deleteTimeSlot.php:18
Stack trace:
#0 /home/ubuntu/workspace/sp19cst336s2/Final/api/deleteTimeSlot.php(18): PDOStatement->fetchAll(2)
#1 {main}
  thrown in /home/ubuntu/workspace/sp19cst336s2/Final/api/deleteTimeSlot.php on line 18
[12-May-2019 08:42:20 UTC] PHP Warning:  json_decode() expects parameter 1 to be string, array given in /home/ubuntu/workspace/sp19cst336s2/Final/api/addTimeSlot.php on line 18
[12-May-2019 08:42:20 UTC] PHP Stack trace:
[12-May-2019 08:42:20 UTC] PHP   1. {main}() /home/ubuntu/workspace/sp19cst336s2/Final/api/addTimeSlot.php:0
[12-May-2019 08:42:20 UTC] PHP   2. json_decode() /home/ubuntu/workspace/sp19cst336s2/Final/api/addTimeSlot.php:18
[12-May-2019 08:42:46 UTC] PHP Warning:  json_decode() expects parameter 1 to be string, array given in /home/ubuntu/workspace/sp19cst336s2/Final/api/addTimeSlot.php on line 18
[12-May-2019 08:42:46 UTC] PHP Stack trace:
[12-May-2019 08:42:46 UTC] PHP   1. {main}() /home/ubuntu/workspace/sp19cst336s2/Final/api/addTimeSlot.php:0
[12-May-2019 08:42:46 UTC] PHP   2. json_decode() /home/ubuntu/workspace/sp19cst336s2/Final/api/addTimeSlot.php:18
[12-May-2019 18:12:05 UTC] PHP Warning:  json_decode() expects parameter 1 to be string, array given in /home/ubuntu/workspace/sp19cst336s2/Final/api/addTimeSlot.php on line 18
[12-May-2019 18:12:05 UTC] PHP Stack trace:
[12-May-2019 18:12:05 UTC] PHP   1. {main}() /home/ubuntu/workspace/sp19cst336s2/Final/api/addTimeSlot.php:0
[12-May-2019 18:12:05 UTC] PHP   2. json_decode() /home/ubuntu/workspace/sp19cst336s2/Final/api/addTimeSlot.php:18
[12-May-2019 19:31:38 UTC] PHP Warning:  json_decode() expects parameter 1 to be string, array given in /home/ubuntu/workspace/sp19cst336s2/Final/api/addTimeSlot.php on line 18
[12-May-2019 19:31:38 UTC] PHP Stack trace:
[12-May-2019 19:31:38 UTC] PHP   1. {main}() /home/ubuntu/workspace/sp19cst336s2/Final/api/addTimeSlot.php:0
[12-May-2019 19:31:38 UTC] PHP   2. json_decode() /home/ubuntu/workspace/sp19cst336s2/Final/api/addTimeSlot.php:18
[12-May-2019 19:33:59 UTC] PHP Warning:  json_decode() expects parameter 1 to be string, array given in /home/ubuntu/workspace/sp19cst336s2/Final/api/addTimeSlot.php on line 18
[12-May-2019 19:33:59 UTC] PHP Stack trace:
[12-May-2019 19:33:59 UTC] PHP   1. {main}() /home/ubuntu/workspace/sp19cst336s2/Final/api/addTimeSlot.php:0
[12-May-2019 19:33:59 UTC] PHP   2. json_decode() /home/ubuntu/workspace/sp19cst336s2/Final/api/addTimeSlot.php:18
[12-May-2019 19:36:37 UTC] PHP Fatal error:  Uncaught exception 'PDOException' with message 'SQLSTATE[HY000]: General error' in /home/ubuntu/workspace/sp19cst336s2/Final/api/deleteTimeSlot.php:18
Stack trace:
#0 /home/ubuntu/workspace/sp19cst336s2/Final/api/deleteTimeSlot.php(18): PDOStatement->fetchAll(2)
#1 {main}
  thrown in /home/ubuntu/workspace/sp19cst336s2/Final/api/deleteTimeSlot.php on line 18
[12-May-2019 19:38:26 UTC] PHP Fatal error:  Uncaught exception 'PDOException' with message 'SQLSTATE[HY000]: General error' in /home/ubuntu/workspace/sp19cst336s2/Final/api/deleteTimeSlot.php:18
Stack trace:
#0 /home/ubuntu/workspace/sp19cst336s2/Final/api/deleteTimeSlot.php(18): PDOStatement->fetchAll(2)
#1 {main}
  thrown in /home/ubuntu/workspace/sp19cst336s2/Final/api/deleteTimeSlot.php on line 18
[12-May-2019 19:38:27 UTC] PHP Fatal error:  Uncaught exception 'PDOException' with message 'SQLSTATE[HY000]: General error' in /home/ubuntu/workspace/sp19cst336s2/Final/api/deleteTimeSlot.php:18
Stack trace:
#0 /home/ubuntu/workspace/sp19cst336s2/Final/api/deleteTimeSlot.php(18): PDOStatement->fetchAll(2)
#1 {main}
  thrown in /home/ubuntu/workspace/sp19cst336s2/Final/api/deleteTimeSlot.php on line 18
[12-May-2019 19:38:27 UTC] PHP Fatal error:  Uncaught exception 'PDOException' with message 'SQLSTATE[HY000]: General error' in /home/ubuntu/workspace/sp19cst336s2/Final/api/deleteTimeSlot.php:18
Stack trace:
#0 /home/ubuntu/workspace/sp19cst336s2/Final/api/deleteTimeSlot.php(18): PDOStatement->fetchAll(2)
#1 {main}
  thrown in /home/ubuntu/workspace/sp19cst336s2/Final/api/deleteTimeSlot.php on line 18
[12-May-2019 19:38:29 UTC] PHP Fatal error:  Uncaught exception 'PDOException' with message 'SQLSTATE[HY000]: General error' in /home/ubuntu/workspace/sp19cst336s2/Final/api/deleteTimeSlot.php:18
Stack trace:
#0 /home/ubuntu/workspace/sp19cst336s2/Final/api/deleteTimeSlot.php(18): PDOStatement->fetchAll(2)
#1 {main}
  thrown in /home/ubuntu/workspace/sp19cst336s2/Final/api/deleteTimeSlot.php on line 18
[12-May-2019 19:39:20 UTC] PHP Warning:  json_decode() expects parameter 1 to be string, array given in /home/ubuntu/workspace/sp19cst336s2/Final/api/addTimeSlot.php on line 18
[12-May-2019 19:39:20 UTC] PHP Stack trace:
[12-May-2019 19:39:20 UTC] PHP   1. {main}() /home/ubuntu/workspace/sp19cst336s2/Final/api/addTimeSlot.php:0
[12-May-2019 19:39:20 UTC] PHP   2. json_decode() /home/ubuntu/workspace/sp19cst336s2/Final/api/addTimeSlot.php:18
[12-May-2019 19:40:19 UTC] PHP Warning:  json_decode() expects parameter 1 to be string, array given in /home/ubuntu/workspace/sp19cst336s2/Final/api/addTimeSlot.php on line 18
[12-May-2019 19:40:19 UTC] PHP Stack trace:
[12-May-2019 19:40:19 UTC] PHP   1. {main}() /home/ubuntu/workspace/sp19cst336s2/Final/api/addTimeSlot.php:0
[12-May-2019 19:40:19 UTC] PHP   2. json_decode() /home/ubuntu/workspace/sp19cst336s2/Final/api/addTimeSlot.php:18
[12-May-2019 19:52:04 UTC] PHP Fatal error:  Uncaught exception 'PDOException' with message 'SQLSTATE[HY000]: General error' in /home/ubuntu/workspace/sp19cst336s2/Final/api/deleteTimeSlot.php:18
Stack trace:
#0 /home/ubuntu/workspace/sp19cst336s2/Final/api/deleteTimeSlot.php(18): PDOStatement->fetchAll(2)
#1 {main}
  thrown in /home/ubuntu/workspace/sp19cst336s2/Final/api/deleteTimeSlot.php on line 18
[12-May-2019 19:52:05 UTC] PHP Fatal error:  Uncaught exception 'PDOException' with message 'SQLSTATE[HY000]: General error' in /home/ubuntu/workspace/sp19cst336s2/Final/api/deleteTimeSlot.php:18
Stack trace:
#0 /home/ubuntu/workspace/sp19cst336s2/Final/api/deleteTimeSlot.php(18): PDOStatement->fetchAll(2)
#1 {main}
  thrown in /home/ubuntu/workspace/sp19cst336s2/Final/api/deleteTimeSlot.php on line 18
[12-May-2019 19:52:07 UTC] PHP Fatal error:  Uncaught exception 'PDOException' with message 'SQLSTATE[HY000]: General error' in /home/ubuntu/workspace/sp19cst336s2/Final/api/deleteTimeSlot.php:18
Stack trace:
#0 /home/ubuntu/workspace/sp19cst336s2/Final/api/deleteTimeSlot.php(18): PDOStatement->fetchAll(2)
#1 {main}
  thrown in /home/ubuntu/workspace/sp19cst336s2/Final/api/deleteTimeSlot.php on line 18
[12-May-2019 19:52:08 UTC] PHP Fatal error:  Uncaught exception 'PDOException' with message 'SQLSTATE[HY000]: General error' in /home/ubuntu/workspace/sp19cst336s2/Final/api/deleteTimeSlot.php:18
Stack trace:
#0 /home/ubuntu/workspace/sp19cst336s2/Final/api/deleteTimeSlot.php(18): PDOStatement->fetchAll(2)
#1 {main}
  thrown in /home/ubuntu/workspace/sp19cst336s2/Final/api/deleteTimeSlot.php on line 18
[12-May-2019 19:52:10 UTC] PHP Fatal error:  Uncaught exception 'PDOException' with message 'SQLSTATE[HY000]: General error' in /home/ubuntu/workspace/sp19cst336s2/Final/api/deleteTimeSlot.php:18
Stack trace:
#0 /home/ubuntu/workspace/sp19cst336s2/Final/api/deleteTimeSlot.php(18): PDOStatement->fetchAll(2)
#1 {main}
  thrown in /home/ubuntu/workspace/sp19cst336s2/Final/api/deleteTimeSlot.php on line 18
[12-May-2019 19:52:46 UTC] PHP Warning:  json_decode() expects parameter 1 to be string, array given in /home/ubuntu/workspace/sp19cst336s2/Final/api/addTimeSlot.php on line 18
[12-May-2019 19:52:46 UTC] PHP Stack trace:
[12-May-2019 19:52:46 UTC] PHP   1. {main}() /home/ubuntu/workspace/sp19cst336s2/Final/api/addTimeSlot.php:0
[12-May-2019 19:52:46 UTC] PHP   2. json_decode() /home/ubuntu/workspace/sp19cst336s2/Final/api/addTimeSlot.php:18
[12-May-2019 20:29:54 UTC] PHP Fatal error:  Uncaught exception 'PDOException' with message 'SQLSTATE[HY000]: General error' in /home/ubuntu/workspace/sp19cst336s2/Final/api/deleteTimeSlot.php:18
Stack trace:
#0 /home/ubuntu/workspace/sp19cst336s2/Final/api/deleteTimeSlot.php(18): PDOStatement->fetchAll(2)
#1 {main}
  thrown in /home/ubuntu/workspace/sp19cst336s2/Final/api/deleteTimeSlot.php on line 18
[12-May-2019 20:31:07 UTC] PHP Warning:  json_decode() expects parameter 1 to be string, array given in /home/ubuntu/workspace/sp19cst336s2/Final/api/addTimeSlot.php on line 18
[12-May-2019 20:31:07 UTC] PHP Stack trace:
[12-May-2019 20:31:07 UTC] PHP   1. {main}() /home/ubuntu/workspace/sp19cst336s2/Final/api/addTimeSlot.php:0
[12-May-2019 20:31:07 UTC] PHP   2. json_decode() /home/ubuntu/workspace/sp19cst336s2/Final/api/addTimeSlot.php:18
[12-May-2019 20:39:16 UTC] PHP Warning:  json_decode() expects parameter 1 to be string, array given in /home/ubuntu/workspace/sp19cst336s2/Final/api/addTimeSlot.php on line 18
[12-May-2019 20:39:16 UTC] PHP Stack trace:
[12-May-2019 20:39:16 UTC] PHP   1. {main}() /home/ubuntu/workspace/sp19cst336s2/Final/api/addTimeSlot.php:0
[12-May-2019 20:39:16 UTC] PHP   2. json_decode() /home/ubuntu/workspace/sp19cst336s2/Final/api/addTimeSlot.php:18
[12-May-2019 20:40:15 UTC] PHP Warning:  json_decode() expects parameter 1 to be string, array given in /home/ubuntu/workspace/sp19cst336s2/Final/api/addTimeSlot.php on line 18
[12-May-2019 20:40:15 UTC] PHP Stack trace:
[12-May-2019 20:40:15 UTC] PHP   1. {main}() /home/ubuntu/workspace/sp19cst336s2/Final/api/addTimeSlot.php:0
[12-May-2019 20:40:15 UTC] PHP   2. json_decode() /home/ubuntu/workspace/sp19cst336s2/Final/api/addTimeSlot.php:18
[12-May-2019 20:41:58 UTC] PHP Warning:  json_decode() expects parameter 1 to be string, array given in /home/ubuntu/workspace/sp19cst336s2/Final/api/addTimeSlot.php on line 18
[12-May-2019 20:41:58 UTC] PHP Stack trace:
[12-May-2019 20:41:58 UTC] PHP   1. {main}() /home/ubuntu/workspace/sp19cst336s2/Final/api/addTimeSlot.php:0
[12-May-2019 20:41:58 UTC] PHP   2. json_decode() /home/ubuntu/workspace/sp19cst336s2/Final/api/addTimeSlot.php:18
[12-May-2019 20:43:51 UTC] PHP Warning:  json_decode() expects parameter 1 to be string, array given in /home/ubuntu/workspace/sp19cst336s2/Final/api/addTimeSlot.php on line 18
[12-May-2019 20:43:51 UTC] PHP Stack trace:
[12-May-2019 20:43:51 UTC] PHP   1. {main}() /home/ubuntu/workspace/sp19cst336s2/Final/api/addTimeSlot.php:0
[12-May-2019 20:43:51 UTC] PHP   2. json_decode() /home/ubuntu/workspace/sp19cst336s2/Final/api/addTimeSlot.php:18
[12-May-2019 20:44:40 UTC] PHP Fatal error:  Uncaught exception 'PDOException' with message 'SQLSTATE[HY000]: General error' in /home/ubuntu/workspace/sp19cst336s2/Final/api/deleteTimeSlot.php:18
Stack trace:
#0 /home/ubuntu/workspace/sp19cst336s2/Final/api/deleteTimeSlot.php(18): PDOStatement->fetchAll(2)
#1 {main}
  thrown in /home/ubuntu/workspace/sp19cst336s2/Final/api/deleteTimeSlot.php on line 18
[12-May-2019 20:44:43 UTC] PHP Fatal error:  Uncaught exception 'PDOException' with message 'SQLSTATE[HY000]: General error' in /home/ubuntu/workspace/sp19cst336s2/Final/api/deleteTimeSlot.php:18
Stack trace:
#0 /home/ubuntu/workspace/sp19cst336s2/Final/api/deleteTimeSlot.php(18): PDOStatement->fetchAll(2)
#1 {main}
  thrown in /home/ubuntu/workspace/sp19cst336s2/Final/api/deleteTimeSlot.php on line 18
[12-May-2019 20:44:45 UTC] PHP Fatal error:  Uncaught exception 'PDOException' with message 'SQLSTATE[HY000]: General error' in /home/ubuntu/workspace/sp19cst336s2/Final/api/deleteTimeSlot.php:18
Stack trace:
#0 /home/ubuntu/workspace/sp19cst336s2/Final/api/deleteTimeSlot.php(18): PDOStatement->fetchAll(2)
#1 {main}
  thrown in /home/ubuntu/workspace/sp19cst336s2/Final/api/deleteTimeSlot.php on line 18
[12-May-2019 20:44:47 UTC] PHP Fatal error:  Uncaught exception 'PDOException' with message 'SQLSTATE[HY000]: General error' in /home/ubuntu/workspace/sp19cst336s2/Final/api/deleteTimeSlot.php:18
Stack trace:
#0 /home/ubuntu/workspace/sp19cst336s2/Final/api/deleteTimeSlot.php(18): PDOStatement->fetchAll(2)
#1 {main}
  thrown in /home/ubuntu/workspace/sp19cst336s2/Final/api/deleteTimeSlot.php on line 18
[12-May-2019 20:44:49 UTC] PHP Fatal error:  Uncaught exception 'PDOException' with message 'SQLSTATE[HY000]: General error' in /home/ubuntu/workspace/sp19cst336s2/Final/api/deleteTimeSlot.php:18
Stack trace:
#0 /home/ubuntu/workspace/sp19cst336s2/Final/api/deleteTimeSlot.php(18): PDOStatement->fetchAll(2)
#1 {main}
  thrown in /home/ubuntu/workspace/sp19cst336s2/Final/api/deleteTimeSlot.php on line 18
[12-May-2019 20:47:55 UTC] PHP Warning:  json_decode() expects parameter 1 to be string, array given in /home/ubuntu/workspace/sp19cst336s2/Final/api/addTimeSlot.php on line 18
[12-May-2019 20:47:55 UTC] PHP Stack trace:
[12-May-2019 20:47:55 UTC] PHP   1. {main}() /home/ubuntu/workspace/sp19cst336s2/Final/api/addTimeSlot.php:0
[12-May-2019 20:47:55 UTC] PHP   2. json_decode() /home/ubuntu/workspace/sp19cst336s2/Final/api/addTimeSlot.php:18
[12-May-2019 20:49:30 UTC] PHP Warning:  json_decode() expects parameter 1 to be string, array given in /home/ubuntu/workspace/sp19cst336s2/Final/api/addTimeSlot.php on line 18
[12-May-2019 20:49:30 UTC] PHP Stack trace:
[12-May-2019 20:49:30 UTC] PHP   1. {main}() /home/ubuntu/workspace/sp19cst336s2/Final/api/addTimeSlot.php:0
[12-May-2019 20:49:30 UTC] PHP   2. json_decode() /home/ubuntu/workspace/sp19cst336s2/Final/api/addTimeSlot.php:18
[12-May-2019 20:49:42 UTC] PHP Fatal error:  Uncaught exception 'PDOException' with message 'SQLSTATE[HY000]: General error' in /home/ubuntu/workspace/sp19cst336s2/Final/api/deleteTimeSlot.php:18
Stack trace:
#0 /home/ubuntu/workspace/sp19cst336s2/Final/api/deleteTimeSlot.php(18): PDOStatement->fetchAll(2)
#1 {main}
  thrown in /home/ubuntu/workspace/sp19cst336s2/Final/api/deleteTimeSlot.php on line 18
[12-May-2019 21:51:45 UTC] PHP Fatal error:  Uncaught exception 'PDOException' with message 'SQLSTATE[42S22]: Column not found: 1054 Unknown column 'user_name' in 'field list'' in /home/ubuntu/workspace/sp19cst336s2/Final/api/addUsers.php:17
Stack trace:
#0 /home/ubuntu/workspace/sp19cst336s2/Final/api/addUsers.php(17): PDOStatement->execute(Array)
#1 {main}
  thrown in /home/ubuntu/workspace/sp19cst336s2/Final/api/addUsers.php on line 17
[12-May-2019 21:52:00 UTC] PHP Fatal error:  Uncaught exception 'PDOException' with message 'SQLSTATE[42S22]: Column not found: 1054 Unknown column 'user_name' in 'field list'' in /home/ubuntu/workspace/sp19cst336s2/Final/api/addUsers.php:17
Stack trace:
#0 /home/ubuntu/workspace/sp19cst336s2/Final/api/addUsers.php(17): PDOStatement->execute(Array)
#1 {main}
  thrown in /home/ubuntu/workspace/sp19cst336s2/Final/api/addUsers.php on line 17
[12-May-2019 21:53:11 UTC] PHP Fatal error:  Uncaught exception 'PDOException' with message 'SQLSTATE[42S22]: Column not found: 1054 Unknown column 'user_name' in 'field list'' in /home/ubuntu/workspace/sp19cst336s2/Final/api/addUsers.php:17
Stack trace:
#0 /home/ubuntu/workspace/sp19cst336s2/Final/api/addUsers.php(17): PDOStatement->execute(Array)
#1 {main}
  thrown in /home/ubuntu/workspace/sp19cst336s2/Final/api/addUsers.php on line 17
[12-May-2019 21:54:10 UTC] PHP Warning:  json_decode() expects parameter 1 to be string, array given in /home/ubuntu/workspace/sp19cst336s2/Final/api/addUsers.php on line 18
[12-May-2019 21:54:10 UTC] PHP Stack trace:
[12-May-2019 21:54:10 UTC] PHP   1. {main}() /home/ubuntu/workspace/sp19cst336s2/Final/api/addUsers.php:0
[12-May-2019 21:54:10 UTC] PHP   2. json_decode() /home/ubuntu/workspace/sp19cst336s2/Final/api/addUsers.php:18
[12-May-2019 21:54:31 UTC] PHP Fatal error:  Uncaught exception 'PDOException' with message 'SQLSTATE[23000]: Integrity constraint violation: 1062 Duplicate entry '108544729482107417556' for key 'PRIMARY'' in /home/ubuntu/workspace/sp19cst336s2/Final/api/addUsers.php:17
Stack trace:
#0 /home/ubuntu/workspace/sp19cst336s2/Final/api/addUsers.php(17): PDOStatement->execute(Array)
#1 {main}
  thrown in /home/ubuntu/workspace/sp19cst336s2/Final/api/addUsers.php on line 17
[12-May-2019 21:57:14 UTC] PHP Fatal error:  Uncaught exception 'PDOException' with message 'SQLSTATE[23000]: Integrity constraint violation: 1062 Duplicate entry '108544729482107417556' for key 'PRIMARY'' in /home/ubuntu/workspace/sp19cst336s2/Final/api/addUsers.php:17
Stack trace:
#0 /home/ubuntu/workspace/sp19cst336s2/Final/api/addUsers.php(17): PDOStatement->execute(Array)
#1 {main}
  thrown in /home/ubuntu/workspace/sp19cst336s2/Final/api/addUsers.php on line 17
[12-May-2019 22:03:15 UTC] PHP Fatal error:  Uncaught exception 'PDOException' with message 'SQLSTATE[23000]: Integrity constraint violation: 1062 Duplicate entry '108544729482107417556' for key 'PRIMARY'' in /home/ubuntu/workspace/sp19cst336s2/Final/api/addUsers.php:17
Stack trace:
#0 /home/ubuntu/workspace/sp19cst336s2/Final/api/addUsers.php(17): PDOStatement->execute(Array)
#1 {main}
  thrown in /home/ubuntu/workspace/sp19cst336s2/Final/api/addUsers.php on line 17
[12-May-2019 22:03:55 UTC] PHP Fatal error:  Uncaught exception 'PDOException' with message 'SQLSTATE[23000]: Integrity constraint violation: 1062 Duplicate entry '108544729482107417556' for key 'PRIMARY'' in /home/ubuntu/workspace/sp19cst336s2/Final/api/addUsers.php:17
Stack trace:
#0 /home/ubuntu/workspace/sp19cst336s2/Final/api/addUsers.php(17): PDOStatement->execute(Array)
#1 {main}
  thrown in /home/ubuntu/workspace/sp19cst336s2/Final/api/addUsers.php on line 17
[12-May-2019 22:05:06 UTC] PHP Fatal error:  Uncaught exception 'PDOException' with message 'SQLSTATE[23000]: Integrity constraint violation: 1062 Duplicate entry '108544729482107417556' for key 'PRIMARY'' in /home/ubuntu/workspace/sp19cst336s2/Final/api/addUsers.php:17
Stack trace:
#0 /home/ubuntu/workspace/sp19cst336s2/Final/api/addUsers.php(17): PDOStatement->execute(Array)
#1 {main}
  thrown in /home/ubuntu/workspace/sp19cst336s2/Final/api/addUsers.php on line 17
[12-May-2019 22:05:30 UTC] PHP Fatal error:  Uncaught exception 'PDOException' with message 'SQLSTATE[23000]: Integrity constraint violation: 1062 Duplicate entry '108544729482107417556' for key 'PRIMARY'' in /home/ubuntu/workspace/sp19cst336s2/Final/api/addUsers.php:17
Stack trace:
#0 /home/ubuntu/workspace/sp19cst336s2/Final/api/addUsers.php(17): PDOStatement->execute(Array)
#1 {main}
  thrown in /home/ubuntu/workspace/sp19cst336s2/Final/api/addUsers.php on line 17
[12-May-2019 22:05:48 UTC] PHP Fatal error:  Uncaught exception 'PDOException' with message 'SQLSTATE[23000]: Integrity constraint violation: 1062 Duplicate entry '108544729482107417556' for key 'PRIMARY'' in /home/ubuntu/workspace/sp19cst336s2/Final/api/addUsers.php:17
Stack trace:
#0 /home/ubuntu/workspace/sp19cst336s2/Final/api/addUsers.php(17): PDOStatement->execute(Array)
#1 {main}
  thrown in /home/ubuntu/workspace/sp19cst336s2/Final/api/addUsers.php on line 17
