[24-Apr-2019 17:51:09 UTC] PHP Fatal error:  Uncaught exception 'PDOException' with message 'SQLSTATE[HY093]: Invalid parameter number: no parameters were bound' in /home/ubuntu/workspace/sp19cst336s2/Labs/Lab8/api/getlikes.php:10
Stack trace:
#0 /home/ubuntu/workspace/sp19cst336s2/Labs/Lab8/api/getlikes.php(10): PDOStatement->execute()
#1 {main}
  thrown in /home/ubuntu/workspace/sp19cst336s2/Labs/Lab8/api/getlikes.php on line 10
[24-Apr-2019 17:52:25 UTC] PHP Fatal error:  Uncaught exception 'PDOException' with message 'SQLSTATE[HY093]: Invalid parameter number: no parameters were bound' in /home/ubuntu/workspace/sp19cst336s2/Labs/Lab8/api/getlikes.php:10
Stack trace:
#0 /home/ubuntu/workspace/sp19cst336s2/Labs/Lab8/api/getlikes.php(10): PDOStatement->execute()
#1 {main}
  thrown in /home/ubuntu/workspace/sp19cst336s2/Labs/Lab8/api/getlikes.php on line 10
[24-Apr-2019 17:53:46 UTC] PHP Fatal error:  Uncaught exception 'PDOException' with message 'SQLSTATE[42S22]: Column not found: 1054 Unknown column 'searchKey' in 'field list'' in /home/ubuntu/workspace/sp19cst336s2/Labs/Lab8/api/getkey.php:17
Stack trace:
#0 /home/ubuntu/workspace/sp19cst336s2/Labs/Lab8/api/getkey.php(17): PDOStatement->execute()
#1 {main}
  thrown in /home/ubuntu/workspace/sp19cst336s2/Labs/Lab8/api/getkey.php on line 17
[24-Apr-2019 17:55:14 UTC] PHP Fatal error:  Uncaught exception 'PDOException' with message 'SQLSTATE[HY093]: Invalid parameter number: no parameters were bound' in /home/ubuntu/workspace/sp19cst336s2/Labs/Lab8/api/getlikes.php:10
Stack trace:
#0 /home/ubuntu/workspace/sp19cst336s2/Labs/Lab8/api/getlikes.php(10): PDOStatement->execute()
#1 {main}
  thrown in /home/ubuntu/workspace/sp19cst336s2/Labs/Lab8/api/getlikes.php on line 10
[24-Apr-2019 17:55:32 UTC] PHP Fatal error:  Uncaught exception 'PDOException' with message 'SQLSTATE[HY093]: Invalid parameter number: no parameters were bound' in /home/ubuntu/workspace/sp19cst336s2/Labs/Lab8/api/getlikes.php:10
Stack trace:
#0 /home/ubuntu/workspace/sp19cst336s2/Labs/Lab8/api/getlikes.php(10): PDOStatement->execute()
#1 {main}
  thrown in /home/ubuntu/workspace/sp19cst336s2/Labs/Lab8/api/getlikes.php on line 10
[24-Apr-2019 17:57:01 UTC] PHP Fatal error:  Uncaught exception 'PDOException' with message 'SQLSTATE[HY093]: Invalid parameter number: no parameters were bound' in /home/ubuntu/workspace/sp19cst336s2/Labs/Lab8/api/getlikes.php:10
Stack trace:
#0 /home/ubuntu/workspace/sp19cst336s2/Labs/Lab8/api/getlikes.php(10): PDOStatement->execute()
#1 {main}
  thrown in /home/ubuntu/workspace/sp19cst336s2/Labs/Lab8/api/getlikes.php on line 10
