[30-Apr-2019 16:07:42 UTC] PHP Warning:  include_once(api/dbConnection.php): failed to open stream: No such file or directory in /home/ubuntu/workspace/sp19cst336s2/Projects/Project5/api/getImages.php on line 2
[30-Apr-2019 16:07:42 UTC] PHP Stack trace:
[30-Apr-2019 16:07:42 UTC] PHP   1. {main}() /home/ubuntu/workspace/sp19cst336s2/Projects/Project5/api/getImages.php:0
[30-Apr-2019 16:07:42 UTC] PHP Warning:  include_once(): Failed opening 'api/dbConnection.php' for inclusion (include_path='.:/usr/share/php:/usr/share/pear') in /home/ubuntu/workspace/sp19cst336s2/Projects/Project5/api/getImages.php on line 2
[30-Apr-2019 16:07:42 UTC] PHP Stack trace:
[30-Apr-2019 16:07:42 UTC] PHP   1. {main}() /home/ubuntu/workspace/sp19cst336s2/Projects/Project5/api/getImages.php:0
[30-Apr-2019 16:07:42 UTC] PHP Fatal error:  Call to a member function query() on a non-object in /home/ubuntu/workspace/sp19cst336s2/Projects/Project5/api/getImages.php on line 5
[30-Apr-2019 16:07:42 UTC] PHP Stack trace:
[30-Apr-2019 16:07:42 UTC] PHP   1. {main}() /home/ubuntu/workspace/sp19cst336s2/Projects/Project5/api/getImages.php:0
[30-Apr-2019 16:07:42 UTC] PHP Warning:  include_once(api/dbConnection.php): failed to open stream: No such file or directory in /home/ubuntu/workspace/sp19cst336s2/Projects/Project5/api/getImages.php on line 2
[30-Apr-2019 16:07:42 UTC] PHP Stack trace:
[30-Apr-2019 16:07:42 UTC] PHP   1. {main}() /home/ubuntu/workspace/sp19cst336s2/Projects/Project5/api/getImages.php:0
[30-Apr-2019 16:07:42 UTC] PHP Warning:  include_once(): Failed opening 'api/dbConnection.php' for inclusion (include_path='.:/usr/share/php:/usr/share/pear') in /home/ubuntu/workspace/sp19cst336s2/Projects/Project5/api/getImages.php on line 2
[30-Apr-2019 16:07:42 UTC] PHP Stack trace:
[30-Apr-2019 16:07:42 UTC] PHP   1. {main}() /home/ubuntu/workspace/sp19cst336s2/Projects/Project5/api/getImages.php:0
[30-Apr-2019 16:07:42 UTC] PHP Fatal error:  Call to a member function query() on a non-object in /home/ubuntu/workspace/sp19cst336s2/Projects/Project5/api/getImages.php on line 5
[30-Apr-2019 16:07:42 UTC] PHP Stack trace:
[30-Apr-2019 16:07:42 UTC] PHP   1. {main}() /home/ubuntu/workspace/sp19cst336s2/Projects/Project5/api/getImages.php:0
[30-Apr-2019 16:07:43 UTC] PHP Warning:  include_once(api/dbConnection.php): failed to open stream: No such file or directory in /home/ubuntu/workspace/sp19cst336s2/Projects/Project5/api/getImages.php on line 2
[30-Apr-2019 16:07:43 UTC] PHP Stack trace:
[30-Apr-2019 16:07:43 UTC] PHP   1. {main}() /home/ubuntu/workspace/sp19cst336s2/Projects/Project5/api/getImages.php:0
[30-Apr-2019 16:07:43 UTC] PHP Warning:  include_once(): Failed opening 'api/dbConnection.php' for inclusion (include_path='.:/usr/share/php:/usr/share/pear') in /home/ubuntu/workspace/sp19cst336s2/Projects/Project5/api/getImages.php on line 2
[30-Apr-2019 16:07:43 UTC] PHP Stack trace:
[30-Apr-2019 16:07:43 UTC] PHP   1. {main}() /home/ubuntu/workspace/sp19cst336s2/Projects/Project5/api/getImages.php:0
[30-Apr-2019 16:07:43 UTC] PHP Fatal error:  Call to a member function query() on a non-object in /home/ubuntu/workspace/sp19cst336s2/Projects/Project5/api/getImages.php on line 5
[30-Apr-2019 16:07:43 UTC] PHP Stack trace:
[30-Apr-2019 16:07:43 UTC] PHP   1. {main}() /home/ubuntu/workspace/sp19cst336s2/Projects/Project5/api/getImages.php:0
[30-Apr-2019 16:07:44 UTC] PHP Warning:  include_once(api/dbConnection.php): failed to open stream: No such file or directory in /home/ubuntu/workspace/sp19cst336s2/Projects/Project5/api/getImages.php on line 2
[30-Apr-2019 16:07:44 UTC] PHP Stack trace:
[30-Apr-2019 16:07:44 UTC] PHP   1. {main}() /home/ubuntu/workspace/sp19cst336s2/Projects/Project5/api/getImages.php:0
[30-Apr-2019 16:07:44 UTC] PHP Warning:  include_once(): Failed opening 'api/dbConnection.php' for inclusion (include_path='.:/usr/share/php:/usr/share/pear') in /home/ubuntu/workspace/sp19cst336s2/Projects/Project5/api/getImages.php on line 2
[30-Apr-2019 16:07:44 UTC] PHP Stack trace:
[30-Apr-2019 16:07:44 UTC] PHP   1. {main}() /home/ubuntu/workspace/sp19cst336s2/Projects/Project5/api/getImages.php:0
[30-Apr-2019 16:07:44 UTC] PHP Fatal error:  Call to a member function query() on a non-object in /home/ubuntu/workspace/sp19cst336s2/Projects/Project5/api/getImages.php on line 5
[30-Apr-2019 16:07:44 UTC] PHP Stack trace:
[30-Apr-2019 16:07:44 UTC] PHP   1. {main}() /home/ubuntu/workspace/sp19cst336s2/Projects/Project5/api/getImages.php:0
[30-Apr-2019 16:16:46 UTC] PHP Warning:  mysql_query() expects parameter 1 to be string, object given in /home/ubuntu/workspace/sp19cst336s2/Projects/Project5/api/getImages.php on line 16
[30-Apr-2019 16:16:46 UTC] PHP Stack trace:
[30-Apr-2019 16:16:46 UTC] PHP   1. {main}() /home/ubuntu/workspace/sp19cst336s2/Projects/Project5/api/getImages.php:0
[30-Apr-2019 16:16:46 UTC] PHP   2. mysql_query() /home/ubuntu/workspace/sp19cst336s2/Projects/Project5/api/getImages.php:16
[30-Apr-2019 16:16:46 UTC] PHP Warning:  mysqli_fetch_array() expects parameter 1 to be mysqli_result, null given in /home/ubuntu/workspace/sp19cst336s2/Projects/Project5/api/getImages.php on line 17
[30-Apr-2019 16:16:46 UTC] PHP Stack trace:
[30-Apr-2019 16:16:46 UTC] PHP   1. {main}() /home/ubuntu/workspace/sp19cst336s2/Projects/Project5/api/getImages.php:0
[30-Apr-2019 16:16:46 UTC] PHP   2. mysqli_fetch_array() /home/ubuntu/workspace/sp19cst336s2/Projects/Project5/api/getImages.php:17
[30-Apr-2019 16:16:47 UTC] PHP Warning:  mysql_query() expects parameter 1 to be string, object given in /home/ubuntu/workspace/sp19cst336s2/Projects/Project5/api/getImages.php on line 16
[30-Apr-2019 16:16:47 UTC] PHP Stack trace:
[30-Apr-2019 16:16:47 UTC] PHP   1. {main}() /home/ubuntu/workspace/sp19cst336s2/Projects/Project5/api/getImages.php:0
[30-Apr-2019 16:16:47 UTC] PHP   2. mysql_query() /home/ubuntu/workspace/sp19cst336s2/Projects/Project5/api/getImages.php:16
[30-Apr-2019 16:16:47 UTC] PHP Warning:  mysqli_fetch_array() expects parameter 1 to be mysqli_result, null given in /home/ubuntu/workspace/sp19cst336s2/Projects/Project5/api/getImages.php on line 17
[30-Apr-2019 16:16:47 UTC] PHP Stack trace:
[30-Apr-2019 16:16:47 UTC] PHP   1. {main}() /home/ubuntu/workspace/sp19cst336s2/Projects/Project5/api/getImages.php:0
[30-Apr-2019 16:16:47 UTC] PHP   2. mysqli_fetch_array() /home/ubuntu/workspace/sp19cst336s2/Projects/Project5/api/getImages.php:17
[30-Apr-2019 16:17:48 UTC] PHP Warning:  mysql_query() expects parameter 1 to be string, object given in /home/ubuntu/workspace/sp19cst336s2/Projects/Project5/api/getImages.php on line 16
[30-Apr-2019 16:17:48 UTC] PHP Stack trace:
[30-Apr-2019 16:17:48 UTC] PHP   1. {main}() /home/ubuntu/workspace/sp19cst336s2/Projects/Project5/api/getImages.php:0
[30-Apr-2019 16:17:48 UTC] PHP   2. mysql_query() /home/ubuntu/workspace/sp19cst336s2/Projects/Project5/api/getImages.php:16
[30-Apr-2019 16:17:48 UTC] PHP Warning:  mysqli_fetch_array() expects parameter 1 to be mysqli_result, null given in /home/ubuntu/workspace/sp19cst336s2/Projects/Project5/api/getImages.php on line 17
[30-Apr-2019 16:17:48 UTC] PHP Stack trace:
[30-Apr-2019 16:17:48 UTC] PHP   1. {main}() /home/ubuntu/workspace/sp19cst336s2/Projects/Project5/api/getImages.php:0
[30-Apr-2019 16:17:48 UTC] PHP   2. mysqli_fetch_array() /home/ubuntu/workspace/sp19cst336s2/Projects/Project5/api/getImages.php:17
[30-Apr-2019 16:17:48 UTC] PHP Warning:  mysql_query() expects parameter 1 to be string, object given in /home/ubuntu/workspace/sp19cst336s2/Projects/Project5/api/getImages.php on line 16
[30-Apr-2019 16:17:48 UTC] PHP Stack trace:
[30-Apr-2019 16:17:48 UTC] PHP   1. {main}() /home/ubuntu/workspace/sp19cst336s2/Projects/Project5/api/getImages.php:0
[30-Apr-2019 16:17:48 UTC] PHP   2. mysql_query() /home/ubuntu/workspace/sp19cst336s2/Projects/Project5/api/getImages.php:16
[30-Apr-2019 16:17:48 UTC] PHP Warning:  mysqli_fetch_array() expects parameter 1 to be mysqli_result, null given in /home/ubuntu/workspace/sp19cst336s2/Projects/Project5/api/getImages.php on line 17
[30-Apr-2019 16:17:48 UTC] PHP Stack trace:
[30-Apr-2019 16:17:48 UTC] PHP   1. {main}() /home/ubuntu/workspace/sp19cst336s2/Projects/Project5/api/getImages.php:0
[30-Apr-2019 16:17:48 UTC] PHP   2. mysqli_fetch_array() /home/ubuntu/workspace/sp19cst336s2/Projects/Project5/api/getImages.php:17
[30-Apr-2019 16:18:13 UTC] PHP Warning:  mysql_query() expects parameter 1 to be string, object given in /home/ubuntu/workspace/sp19cst336s2/Projects/Project5/api/getImages.php on line 16
[30-Apr-2019 16:18:13 UTC] PHP Stack trace:
[30-Apr-2019 16:18:13 UTC] PHP   1. {main}() /home/ubuntu/workspace/sp19cst336s2/Projects/Project5/api/getImages.php:0
[30-Apr-2019 16:18:13 UTC] PHP   2. mysql_query() /home/ubuntu/workspace/sp19cst336s2/Projects/Project5/api/getImages.php:16
[30-Apr-2019 16:18:13 UTC] PHP Warning:  mysqli_fetch_array() expects parameter 1 to be mysqli_result, null given in /home/ubuntu/workspace/sp19cst336s2/Projects/Project5/api/getImages.php on line 17
[30-Apr-2019 16:18:13 UTC] PHP Stack trace:
[30-Apr-2019 16:18:13 UTC] PHP   1. {main}() /home/ubuntu/workspace/sp19cst336s2/Projects/Project5/api/getImages.php:0
[30-Apr-2019 16:18:13 UTC] PHP   2. mysqli_fetch_array() /home/ubuntu/workspace/sp19cst336s2/Projects/Project5/api/getImages.php:17
[30-Apr-2019 16:18:13 UTC] PHP Warning:  mysql_query() expects parameter 1 to be string, object given in /home/ubuntu/workspace/sp19cst336s2/Projects/Project5/api/getImages.php on line 16
[30-Apr-2019 16:18:13 UTC] PHP Stack trace:
[30-Apr-2019 16:18:13 UTC] PHP   1. {main}() /home/ubuntu/workspace/sp19cst336s2/Projects/Project5/api/getImages.php:0
[30-Apr-2019 16:18:13 UTC] PHP   2. mysql_query() /home/ubuntu/workspace/sp19cst336s2/Projects/Project5/api/getImages.php:16
[30-Apr-2019 16:18:13 UTC] PHP Warning:  mysqli_fetch_array() expects parameter 1 to be mysqli_result, null given in /home/ubuntu/workspace/sp19cst336s2/Projects/Project5/api/getImages.php on line 17
[30-Apr-2019 16:18:13 UTC] PHP Stack trace:
[30-Apr-2019 16:18:13 UTC] PHP   1. {main}() /home/ubuntu/workspace/sp19cst336s2/Projects/Project5/api/getImages.php:0
[30-Apr-2019 16:18:13 UTC] PHP   2. mysqli_fetch_array() /home/ubuntu/workspace/sp19cst336s2/Projects/Project5/api/getImages.php:17
[30-Apr-2019 16:23:03 UTC] PHP Parse error:  syntax error, unexpected '$sql' (T_VARIABLE) in /home/ubuntu/workspace/sp19cst336s2/Projects/Project5/api/getImages.php on line 4
[30-Apr-2019 16:23:03 UTC] PHP Parse error:  syntax error, unexpected '$sql' (T_VARIABLE) in /home/ubuntu/workspace/sp19cst336s2/Projects/Project5/api/getImages.php on line 4
[30-Apr-2019 16:25:12 UTC] PHP Parse error:  syntax error, unexpected '$sql' (T_VARIABLE) in /home/ubuntu/workspace/sp19cst336s2/Projects/Project5/api/getImages.php on line 4
[30-Apr-2019 16:25:12 UTC] PHP Parse error:  syntax error, unexpected '$sql' (T_VARIABLE) in /home/ubuntu/workspace/sp19cst336s2/Projects/Project5/api/getImages.php on line 4
[30-Apr-2019 16:32:19 UTC] PHP Parse error:  syntax error, unexpected '$query' (T_VARIABLE) in /home/ubuntu/workspace/sp19cst336s2/Projects/Project5/api/getImages.php on line 4
[30-Apr-2019 16:32:19 UTC] PHP Parse error:  syntax error, unexpected '$query' (T_VARIABLE) in /home/ubuntu/workspace/sp19cst336s2/Projects/Project5/api/getImages.php on line 4
[30-Apr-2019 16:37:50 UTC] PHP Fatal error:  Call to undefined method mysqli_result::fetchAll() in /home/ubuntu/workspace/sp19cst336s2/Projects/Project5/api/getImages.php on line 6
[30-Apr-2019 16:37:50 UTC] PHP Stack trace:
[30-Apr-2019 16:37:50 UTC] PHP   1. {main}() /home/ubuntu/workspace/sp19cst336s2/Projects/Project5/api/getImages.php:0
[30-Apr-2019 16:38:24 UTC] PHP Fatal error:  Call to undefined method mysqli_result::fetchAll() in /home/ubuntu/workspace/sp19cst336s2/Projects/Project5/api/getImages.php on line 6
[30-Apr-2019 16:38:24 UTC] PHP Stack trace:
[30-Apr-2019 16:38:24 UTC] PHP   1. {main}() /home/ubuntu/workspace/sp19cst336s2/Projects/Project5/api/getImages.php:0
[30-Apr-2019 17:15:05 UTC] PHP Fatal error:  Call to undefined function mysql_fetch_all() in /home/ubuntu/workspace/sp19cst336s2/Projects/Project5/api/getImages.php on line 8
[30-Apr-2019 17:15:05 UTC] PHP Stack trace:
[30-Apr-2019 17:15:05 UTC] PHP   1. {main}() /home/ubuntu/workspace/sp19cst336s2/Projects/Project5/api/getImages.php:0
[30-Apr-2019 17:15:32 UTC] PHP Fatal error:  Call to undefined function mysql_fetch_all() in /home/ubuntu/workspace/sp19cst336s2/Projects/Project5/api/getImages.php on line 8
[30-Apr-2019 17:15:32 UTC] PHP Stack trace:
[30-Apr-2019 17:15:32 UTC] PHP   1. {main}() /home/ubuntu/workspace/sp19cst336s2/Projects/Project5/api/getImages.php:0
[30-Apr-2019 17:15:32 UTC] PHP Fatal error:  Call to undefined function mysql_fetch_all() in /home/ubuntu/workspace/sp19cst336s2/Projects/Project5/api/getImages.php on line 8
[30-Apr-2019 17:15:32 UTC] PHP Stack trace:
[30-Apr-2019 17:15:32 UTC] PHP   1. {main}() /home/ubuntu/workspace/sp19cst336s2/Projects/Project5/api/getImages.php:0
[30-Apr-2019 17:16:06 UTC] PHP Fatal error:  Call to undefined function mysql_fetch_all() in /home/ubuntu/workspace/sp19cst336s2/Projects/Project5/api/getImages.php on line 8
[30-Apr-2019 17:16:06 UTC] PHP Stack trace:
[30-Apr-2019 17:16:06 UTC] PHP   1. {main}() /home/ubuntu/workspace/sp19cst336s2/Projects/Project5/api/getImages.php:0
[30-Apr-2019 17:16:07 UTC] PHP Fatal error:  Call to undefined function mysql_fetch_all() in /home/ubuntu/workspace/sp19cst336s2/Projects/Project5/api/getImages.php on line 8
[30-Apr-2019 17:16:07 UTC] PHP Stack trace:
[30-Apr-2019 17:16:07 UTC] PHP   1. {main}() /home/ubuntu/workspace/sp19cst336s2/Projects/Project5/api/getImages.php:0
[30-Apr-2019 17:26:50 UTC] PHP Warning:  mysqli_fetch_all() expects parameter 1 to be mysqli_result, resource given in /home/ubuntu/workspace/sp19cst336s2/Projects/Project5/api/getImages.php on line 8
[30-Apr-2019 17:26:50 UTC] PHP Stack trace:
[30-Apr-2019 17:26:50 UTC] PHP   1. {main}() /home/ubuntu/workspace/sp19cst336s2/Projects/Project5/api/getImages.php:0
[30-Apr-2019 17:26:50 UTC] PHP   2. mysqli_fetch_all() /home/ubuntu/workspace/sp19cst336s2/Projects/Project5/api/getImages.php:8
[30-Apr-2019 17:26:51 UTC] PHP Warning:  mysqli_fetch_all() expects parameter 1 to be mysqli_result, resource given in /home/ubuntu/workspace/sp19cst336s2/Projects/Project5/api/getImages.php on line 8
[30-Apr-2019 17:26:51 UTC] PHP Stack trace:
[30-Apr-2019 17:26:51 UTC] PHP   1. {main}() /home/ubuntu/workspace/sp19cst336s2/Projects/Project5/api/getImages.php:0
[30-Apr-2019 17:26:51 UTC] PHP   2. mysqli_fetch_all() /home/ubuntu/workspace/sp19cst336s2/Projects/Project5/api/getImages.php:8
